# PROTEIN DATABASE: test.fasta
# OPTIONS:
#	min-mass: 200.00
#	max-mass: 2400.00
#	min-length: 6
#	max-length: 50
#	cleavages: tryptic
#	allow missed-cleavages: TRUE
#	sort: length
#	isotopic mass type: average
#	verbosity: 100
#	redundancy: unique
#	use index: FALSE
672.79	gi|16127996|ref|NP_414543.1|	173	6	RIAASR
684.75	gi|16127996|ref|NP_414543.1|	239	6	QVPDAR
780.94	gi|16127996|ref|NP_414543.1|	335	7	VFAAMSR
794.95	gi|16127996|ref|NP_414543.1|	416	7	FFAALAR
791.98	gi|16127996|ref|NP_414543.1|	327	8	GMVGMAAR
842.01	gi|16127996|ref|NP_414543.1|	197	8	GELVVLGR
845.01	gi|16127996|ref|NP_414543.1|	408	8	TLRGISAK
944.01	gi|16127996|ref|NP_414543.1|	300	8	DEDELPVK
1008.21	gi|16127996|ref|NP_414543.1|	335	9	VFAAMSRAR
1039.24	gi|16127996|ref|NP_414543.1|	239	9	QVPDARLLK
1087.20	gi|16127996|ref|NP_414543.1|	20	10	VADILESNAR
1108.18	gi|16127996|ref|NP_414543.1|	6	11	FGGTSVANAER
1268.54	gi|16127996|ref|NP_414543.1|	43	11	ITNHLVAMIEK
1325.48	gi|16127996|ref|NP_414543.1|	92	11	TFVDQEFAQIK
1400.61	gi|16127996|ref|NP_414543.1|	373	11	AMQEEFYLELK
1230.49	gi|16127996|ref|NP_414543.1|	396	12	LAIISVVGDGMR
1251.49	gi|16127996|ref|NP_414543.1|	411	12	GISAKFFAALAR
1307.47	gi|16127996|ref|NP_414543.1|	142	12	GHNVTVIDPVEK
1326.51	gi|16127996|ref|NP_414543.1|	384	12	EGLLEPLAVTER
1269.46	gi|16127996|ref|NP_414543.1|	30	13	QGQVATVLSAPAK
1361.68	gi|16127996|ref|NP_414543.1|	129	13	MSIAIMAGVLEAR
1503.72	gi|16127996|ref|NP_414543.1|	17	13	FLRVADILESNAR
1448.64	gi|16127996|ref|NP_414543.1|	3	14	VLKFGGTSVANAER
1524.70	gi|16127996|ref|NP_414543.1|	6	14	FGGTSVANAERFLR
1756.99	gi|16127996|ref|NP_414543.1|	370	14	AERAMQEEFYLELK
1542.71	gi|16127996|ref|NP_414543.1|	423	15	ANINIVAIAQGSSER
1554.91	gi|16127996|ref|NP_414543.1|	327	15	GMVGMAARVFAAMSR
1567.69	gi|16127996|ref|NP_414543.1|	205	15	NGSDYSAAVLAACLR
1600.94	gi|16127996|ref|NP_414543.1|	396	15	LAIISVVGDGMRTLR
1621.95	gi|16127996|ref|NP_414543.1|	408	15	TLRGISAKFFAALAR
1743.09	gi|16127996|ref|NP_414543.1|	269	15	TITPIAQFQIPCLIK
1553.70	gi|16127996|ref|NP_414543.1|	284	16	NTGNPQAPGTLIGASR
1646.77	gi|16127996|ref|NP_414543.1|	438	16	SISVVVNNDDATTGVR
1676.02	gi|16127996|ref|NP_414543.1|	126	16	GEKMSIAIMAGVLEAR
1686.80	gi|16127996|ref|NP_414543.1|	54	16	TISGQDALPNISDAER
1736.02	gi|16127996|ref|NP_414543.1|	1	16	MRVLKFGGTSVANAER
1842.07	gi|16127996|ref|NP_414543.1|	248	16	SMSYQEAMELSYFGAK
1782.17	gi|16127996|ref|NP_414543.1|	327	17	GMVGMAARVFAAMSRAR
1865.17	gi|16127996|ref|NP_414543.1|	3	17	VLKFGGTSVANAERFLR
1722.91	gi|16127995|ref|NP_414542.1|	4	18	ISTTITTTITITTGNGAG
1902.21	gi|16127996|ref|NP_414543.1|	179	18	IPADHMVLMAGFTAGNEK
1879.10	gi|16127995|ref|NP_414542.1|	3	19	RISTTITTTITITTGNGAG
1955.29	gi|16127996|ref|NP_414543.1|	308	19	GISNLNNMAMFSVSGPGMK
2074.32	gi|16127996|ref|NP_414543.1|	154	19	LLAVGHYLESTVDIAESTR
2152.55	gi|16127996|ref|NP_414543.1|	1	19	MRVLKFGGTSVANAERFLR
2196.56	gi|16127996|ref|NP_414543.1|	245	19	LLKSMSYQEAMELSYFGAK
2332.36	gi|16127996|ref|NP_414543.1|	220	19	ADCCEIWTDVDGVYTCDPR
2057.48	gi|16127996|ref|NP_414543.1|	396	20	LAIISVVGDGMRTLRGISAK
2230.51	gi|16127996|ref|NP_414543.1|	154	20	LLAVGHYLESTVDIAESTRR
2345.82	gi|16127996|ref|NP_414543.1|	264	20	VLHPRTITPIAQFQIPCLIK
2138.46	gi|16127995|ref|NP_414542.1|	1	21	MKRISTTITTTITITTGNGAG
2269.71	gi|16127996|ref|NP_414543.1|	70	22	IFAELLTGLAAAQPGFPLAQLK
2319.65	gi|16127996|ref|NP_414543.1|	416	22	FFAALARANINIVAIAQGSSER
2338.65	gi|16127996|ref|NP_414543.1|	20	23	VADILESNARQGQVATVLSAPAK
2391.68	gi|16127996|ref|NP_414543.1|	197	23	GELVVLGRNGSDYSAAVLAACLR
