# SPECTRUM FILE: test.ms2
# PROTEIN DATABASE: standard2.fasta
# SPECTRUM SCAN NUMBER: 6
# SPECTRUM ID NUMBER: 0
# SPECTRUM PRECURSOR m/z: 505.11
# SPECTRUM CHARGE: 2
# MASS OFFSET: 0.00
# PEPTIDES SEARCHED: 15
# PEPTIDES SAMPLED FOR LOGP_SP: 0
# xcorr_rank	sp_rank	mass	xcorr	sp	sequence
P 1	3	1006.163879	0.477031	27.831881	FSLEDVLLA
P 2	1	1008.008850	0.265243	49.821835	DADGYFYTG
P 3	4	1010.109009	0.241652	24.295351	YLESTVDIA
P 4	10	1007.187744	0.138532	5.684330	ISNLNNMAM
P 5	14	1010.129700	0.032255	0.515364	LMAGFTAGNE
P 6	2	1010.108948	-0.040125	30.848843	SITFSLEDV
P 7	6	1009.228638	-0.047304	13.471786	VLLANYLCT
P 8	8	1005.299072	-0.050982	7.241110	MSIAIMAGVL
P 9	9	1006.033875	-0.071556	6.262192	SSSEYSISF
P 10	7	1008.052551	-0.112647	9.004344	SGLFEGDGNI
P 11	12	1011.186218	-0.127068	4.005142	LLTGLAAAQPG
P 12	13	1006.159851	-0.129652	1.763909	CVPQSDCVR
P 13	5	1011.142944	-0.167848	14.834763	PQAPGTLIGAS
P 14	11	1008.052490	-0.227535	4.203699	LSGLFEGDGN
P 15	15	1006.246033	-0.251862	0.270610	HMVLMAGFT
