# SPECTRUM FILE: test.ms2
# PROTEIN DATABASE: standard2.fasta
# SPECTRUM SCAN NUMBER: 2
# SPECTRUM ID NUMBER: 0
# SPECTRUM PRECURSOR m/z: 576.54
# MASS OFFSET: 0.00
# SPECTRUM CHARGE: 2
# PEPTIDES SEARCHED: 8
# PEPTIDES SAMPLED FOR LOGP_SP: 0
# xcorr_rank	sp_rank	mass	xcorr	sp	sequence
P 1	3	1149.35	0.25	13.26	ITFSLEDVLL
P 2	1	1150.25	0.05	60.26	TTTITITTGNGA
P 3	6	1153.34	-0.16	3.95	FCVPQSDCVR
P 4	2	1148.32	-0.19	14.04	GVPVPGPAPETK
P 5	8	1152.33	-0.20	0.27	EDVLLANYLC
P 6	5	1149.26	-0.30	6.79	SVVLITQSSSE
P 7	7	1152.31	-0.41	3.75	STTITTTITIT
P 8	4	1152.43	-0.42	7.08	VMFTTFYMI
# SPECTRUM SCAN NUMBER: 2
# SPECTRUM ID NUMBER: 0
# SPECTRUM PRECURSOR m/z: 576.54
# MASS OFFSET: 0.00
# SPECTRUM CHARGE: 3
# PEPTIDES SEARCHED: 11
# PEPTIDES SAMPLED FOR LOGP_SP: 0
# xcorr_rank	sp_rank	mass	xcorr	sp	sequence
P 1	9	1727.11	0.26	28.44	LMFNFQLMSPFGVPV
P 2	1	1729.01	0.20	133.66	DQVIEVFVIGVGGVGGAL
P 3	5	1728.06	0.20	45.21	VIEVFVIGVGGVGGALLE
P 4	2	1724.05	0.14	67.90	LMSPFGVPVPGPAPETK
P 5	3	1727.08	-0.12	53.30	QVIEVFVIGVGGVGGALL
P 6	6	1723.90	-0.19	42.94	FDLTLNPWLTGFNDA
P 7	8	1724.00	-0.23	40.81	QLMSPFGVPVPGPAPET
P 8	10	1725.03	-0.31	22.74	MLFNTDQVIEVFVIG
P 9	4	1726.82	-0.34	46.33	WLTGFNDADGYFYTG
P 10	7	1727.25	-0.43	41.33	MFIMFMIMYNVMR
P 11	11	1728.98	-0.44	9.50	YESIMNNYINILNK
# SPECTRUM SCAN NUMBER: 3
# SPECTRUM ID NUMBER: 0
# SPECTRUM PRECURSOR m/z: 518.95
# MASS OFFSET: 0.00
# SPECTRUM CHARGE: 1
# PEPTIDES SEARCHED: 2
# PEPTIDES SAMPLED FOR LOGP_SP: 0
# xcorr_rank	sp_rank	mass	xcorr	sp	sequence
P 1	1	519.51	0.03	13.44	TTGNGA
P 2	2	515.57	-0.12	1.01	VGGVGGA
# SPECTRUM SCAN NUMBER: 4
# SPECTRUM ID NUMBER: 0
# SPECTRUM PRECURSOR m/z: 414.92
# MASS OFFSET: 0.00
# SPECTRUM CHARGE: 1
# PEPTIDES SEARCHED: 1
# PEPTIDES SAMPLED FOR LOGP_SP: 0
# xcorr_rank	sp_rank	mass	xcorr	sp	sequence
P 1	1	416.43	0.14	39.19	GGVGGA
# SPECTRUM SCAN NUMBER: 5
# SPECTRUM ID NUMBER: 0
# SPECTRUM PRECURSOR m/z: 502.92
# MASS OFFSET: 0.00
# SPECTRUM CHARGE: 1
# PEPTIDES SEARCHED: 5
# PEPTIDES SAMPLED FOR LOGP_SP: 0
# xcorr_rank	sp_rank	mass	xcorr	sp	sequence
P 1	1	502.52	0.04	6.50	SVSGPG
P 2	2	502.57	-0.00	6.50	TGLAAA
P 3	4	500.60	-0.05	1.00	IGVGGV
P 4	5	500.60	-0.12	0.00	VIGVGG
P 5	3	501.54	-0.12	4.87	GVGGVGG
# SPECTRUM SCAN NUMBER: 6
# SPECTRUM ID NUMBER: 0
# SPECTRUM PRECURSOR m/z: 505.11
# MASS OFFSET: 0.00
# SPECTRUM CHARGE: 1
# PEPTIDES SEARCHED: 3
# PEPTIDES SAMPLED FOR LOGP_SP: 0
# xcorr_rank	sp_rank	mass	xcorr	sp	sequence
P 1	2	502.52	0.19	7.57	SVSGPG
P 2	1	502.57	-0.07	23.29	TGLAAA
P 3	3	501.54	-0.23	0.00	GVGGVGG
# SPECTRUM SCAN NUMBER: 8
# SPECTRUM ID NUMBER: 0
# SPECTRUM PRECURSOR m/z: 447.01
# MASS OFFSET: 0.00
# SPECTRUM CHARGE: 1
# PEPTIDES SEARCHED: 2
# PEPTIDES SAMPLED FOR LOGP_SP: 0
# xcorr_rank	sp_rank	mass	xcorr	sp	sequence
P 1	2	444.49	-0.22	0.00	VGGVGG
P 2	1	444.49	-0.26	0.00	GVGGVG
