# PROTEIN DATABASE: test.fasta
# OPTIONS:
#	min-mass: 200.00
#	max-mass: 2400.00
#	min-length: 6
#	max-length: 50
#	cleavages: partial
#	allow missed-cleavages: TRUE
#	sort: lexical
#	isotopic mass type: average
#	verbosity: 100
#	redundancy: unique
1527.73	gi|16127996|ref|NP_414543.1|	79	13	AAAQPGFPLAQLK
2367.59	gi|16127996|ref|NP_414543.1|	418	20	AALARANINIVAIAQGSSER
792.89	gi|16127996|ref|NP_414543.1|	120	6	AALICR
1161.28	gi|16127996|ref|NP_414543.1|	120	9	AALICRGEK
869.99	gi|16127996|ref|NP_414543.1|	337	7	AAMSRAR
1438.64	gi|16127996|ref|NP_414543.1|	80	12	AAQPGFPLAQLK
1241.42	gi|16127996|ref|NP_414543.1|	332	10	AARVFAAMSR
1504.72	gi|16127996|ref|NP_414543.1|	332	12	AARVFAAMSRAR
1088.23	gi|16127996|ref|NP_414543.1|	211	9	AAVLAACLR
856.81	gi|16127996|ref|NP_414543.1|	220	6	ADCCEI
1061.04	gi|16127996|ref|NP_414543.1|	220	7	ADCCEIW
1180.16	gi|16127996|ref|NP_414543.1|	220	8	ADCCEIWT
1313.26	gi|16127996|ref|NP_414543.1|	220	9	ADCCEIWTD
1430.41	gi|16127996|ref|NP_414543.1|	220	10	ADCCEIWTDV
1563.52	gi|16127996|ref|NP_414543.1|	220	11	ADCCEIWTDVD
1638.58	gi|16127996|ref|NP_414543.1|	220	12	ADCCEIWTDVDG
1755.73	gi|16127996|ref|NP_414543.1|	220	13	ADCCEIWTDVDGV
1936.92	gi|16127996|ref|NP_414543.1|	220	14	ADCCEIWTDVDGVY
2056.04	gi|16127996|ref|NP_414543.1|	220	15	ADCCEIWTDVDGVYT
2234.20	gi|16127996|ref|NP_414543.1|	220	16	ADCCEIWTDVDGVYTC
2367.30	gi|16127996|ref|NP_414543.1|	220	17	ADCCEIWTDVDGVYTCD
1962.17	gi|16127996|ref|NP_414543.1|	181	16	ADHMVLMAGFTAGNEK
1132.19	gi|16127996|ref|NP_414543.1|	21	9	ADILESNAR
2351.67	gi|16127996|ref|NP_414543.1|	72	20	AELLTGLAAAQPGFPLAQLK
794.88	gi|16127996|ref|NP_414543.1|	370	6	AERAMQ
942.01	gi|16127996|ref|NP_414543.1|	370	7	AERAMQE
1089.14	gi|16127996|ref|NP_414543.1|	370	8	AERAMQEE
1254.33	gi|16127996|ref|NP_414543.1|	370	9	AERAMQEEF
1435.52	gi|16127996|ref|NP_414543.1|	370	10	AERAMQEEFY
1566.70	gi|16127996|ref|NP_414543.1|	370	11	AERAMQEEFYL
1713.83	gi|16127996|ref|NP_414543.1|	370	12	AERAMQEEFYLE
1845.00	gi|16127996|ref|NP_414543.1|	370	13	AERAMQEEFYLEL
2138.32	gi|16127996|ref|NP_414543.1|	370	15	AERAMQEEFYLELKE
2213.39	gi|16127996|ref|NP_414543.1|	370	16	AERAMQEEFYLELKEG
2344.56	gi|16127996|ref|NP_414543.1|	370	17	AERAMQEEFYLELKEGL
881.00	gi|16127996|ref|NP_414543.1|	14	6	AERFLR
2130.33	gi|16127996|ref|NP_414543.1|	14	16	AERFLRVADILESNAR
808.84	gi|16127996|ref|NP_414543.1|	168	6	AESTRR
1397.50	gi|16127996|ref|NP_414543.1|	168	11	AESTRRIAASR
1038.07	gi|16127996|ref|NP_414543.1|	188	9	AGFTAGNEK
2006.19	gi|16127996|ref|NP_414543.1|	188	17	AGFTAGNEKGELVVLGR
1557.71	gi|16127996|ref|NP_414543.1|	192	13	AGNEKGELVVLGR
822.91	gi|16127996|ref|NP_414543.1|	135	7	AGVLEAR
2328.55	gi|16127996|ref|NP_414543.1|	135	19	AGVLEARGHNVTVIDPVEK
1062.10	gi|16127996|ref|NP_414543.1|	429	9	AIAQGSSER
1297.48	gi|16127996|ref|NP_414543.1|	397	11	AIISVVGDGMR
1721.98	gi|16127996|ref|NP_414543.1|	397	14	AIISVVGDGMRTLR
2268.60	gi|16127996|ref|NP_414543.1|	397	19	AIISVVGDGMRTLRGISAK
1192.39	gi|16127996|ref|NP_414543.1|	132	10	AIMAGVLEAR
1138.33	gi|16127996|ref|NP_414543.1|	414	9	AKFFAALAR
1683.97	gi|16127996|ref|NP_414543.1|	41	13	AKITNHLVAMIEK
928.10	gi|16127996|ref|NP_414543.1|	262	7	AKVLHPR
2278.49	gi|16127996|ref|NP_414543.1|	419	19	ALARANINIVAIAQGSSER
1072.19	gi|16127996|ref|NP_414543.1|	121	8	ALICRGEK
922.08	gi|16127996|ref|NP_414543.1|	479	7	ALLEQLK
1096.29	gi|16127996|ref|NP_414543.1|	479	8	ALLEQLKR
1697.90	gi|16127996|ref|NP_414543.1|	479	12	ALLEQLKRQQSW
1247.32	gi|16127996|ref|NP_414543.1|	60	10	ALPNISDAER
1278.43	gi|16127996|ref|NP_414543.1|	254	10	AMELSYFGAK
1971.25	gi|16127996|ref|NP_414543.1|	254	15	AMELSYFGAKVLHPR
1291.49	gi|16127996|ref|NP_414543.1|	316	11	AMFSVSGPGMK
2209.58	gi|16127996|ref|NP_414543.1|	316	19	AMFSVSGPGMKGMVGMAAR
843.90	gi|16127996|ref|NP_414543.1|	373	6	AMQEEF
1025.09	gi|16127996|ref|NP_414543.1|	373	7	AMQEEFY
1156.27	gi|16127996|ref|NP_414543.1|	373	8	AMQEEFYL
1303.40	gi|16127996|ref|NP_414543.1|	373	9	AMQEEFYLE
1434.57	gi|16127996|ref|NP_414543.1|	373	10	AMQEEFYLEL
1727.89	gi|16127996|ref|NP_414543.1|	373	12	AMQEEFYLELKE
1802.96	gi|16127996|ref|NP_414543.1|	373	13	AMQEEFYLELKEG
1934.13	gi|16127996|ref|NP_414543.1|	373	14	AMQEEFYLELKEGL
2065.31	gi|16127996|ref|NP_414543.1|	373	15	AMQEEFYLELKEGLL
2212.44	gi|16127996|ref|NP_414543.1|	373	16	AMQEEFYLELKEGLLE
2327.57	gi|16127996|ref|NP_414543.1|	373	17	AMQEEFYLELKEGLLEP
780.90	gi|16127996|ref|NP_414543.1|	338	6	AMSRAR
1102.21	gi|16127996|ref|NP_414543.1|	12	8	ANAERFLR
2351.55	gi|16127996|ref|NP_414543.1|	12	18	ANAERFLRVADILESNAR
732.83	gi|16127996|ref|NP_414543.1|	423	6	ANINIV
821.92	gi|16127996|ref|NP_414543.1|	423	7	ANINIVA
953.10	gi|16127996|ref|NP_414543.1|	423	8	ANINIVAI
1042.19	gi|16127996|ref|NP_414543.1|	423	9	ANINIVAIA
1188.34	gi|16127996|ref|NP_414543.1|	423	10	ANINIVAIAQ
1263.41	gi|16127996|ref|NP_414543.1|	423	11	ANINIVAIAQG
1368.50	gi|16127996|ref|NP_414543.1|	423	12	ANINIVAIAQGS
1473.59	gi|16127996|ref|NP_414543.1|	423	13	ANINIVAIAQGSS
1620.72	gi|16127996|ref|NP_414543.1|	423	14	ANINIVAIAQGSSE
1900.02	gi|16127996|ref|NP_414543.1|	423	16	ANINIVAIAQGSSERS
2031.19	gi|16127996|ref|NP_414543.1|	423	17	ANINIVAIAQGSSERSI
2136.29	gi|16127996|ref|NP_414543.1|	423	18	ANINIVAIAQGSSERSIS
2253.44	gi|16127996|ref|NP_414543.1|	423	19	ANINIVAIAQGSSERSISV
2370.58	gi|16127996|ref|NP_414543.1|	423	20	ANINIVAIAQGSSERSISVV
1888.20	gi|16127996|ref|NP_414543.1|	39	15	APAKITNHLVAMIEK
1104.22	gi|16127996|ref|NP_414543.1|	290	10	APGTLIGASR
2174.33	gi|16127996|ref|NP_414543.1|	290	18	APGTLIGASRDEDELPVK
1379.58	gi|16127996|ref|NP_414543.1|	274	10	AQFQIPCLIK
841.83	gi|16127996|ref|NP_414543.1|	431	7	AQGSSER
2018.24	gi|16127996|ref|NP_414543.1|	88	15	AQLKTFVDQEFAQIK
1349.54	gi|16127996|ref|NP_414543.1|	81	11	AQPGFPLAQLK
2058.22	gi|16127996|ref|NP_414543.1|	421	17	ARANINIVAIAQGSSER
1768.93	gi|16127996|ref|NP_414543.1|	140	14	ARGHNVTVIDPVEK
733.86	gi|16127996|ref|NP_414543.1|	342	6	ARISVV
865.04	gi|16127996|ref|NP_414543.1|	342	7	ARISVVL
996.21	gi|16127996|ref|NP_414543.1|	342	8	ARISVVLI
1115.33	gi|16127996|ref|NP_414543.1|	342	9	ARISVVLIT
1261.48	gi|16127996|ref|NP_414543.1|	342	10	ARISVVLITQ
1366.57	gi|16127996|ref|NP_414543.1|	342	11	ARISVVLITQS
1471.66	gi|16127996|ref|NP_414543.1|	342	12	ARISVVLITQSS
1576.76	gi|16127996|ref|NP_414543.1|	342	13	ARISVVLITQSSS
1723.89	gi|16127996|ref|NP_414543.1|	342	14	ARISVVLITQSSSE
1905.08	gi|16127996|ref|NP_414543.1|	342	15	ARISVVLITQSSSEY
2010.17	gi|16127996|ref|NP_414543.1|	342	16	ARISVVLITQSSSEYS
2141.35	gi|16127996|ref|NP_414543.1|	342	17	ARISVVLITQSSSEYSI
2246.44	gi|16127996|ref|NP_414543.1|	342	18	ARISVVLITQSSSEYSIS
1748.94	gi|16127996|ref|NP_414543.1|	28	15	ARQGQVATVLSAPAK
1152.33	gi|16127996|ref|NP_414543.1|	333	9	ARVFAAMSR
1415.63	gi|16127996|ref|NP_414543.1|	333	11	ARVFAAMSRAR
1438.50	gi|16127996|ref|NP_414543.1|	297	11	ASRDEDELPVK
693.75	gi|16127996|ref|NP_414543.1|	448	6	ATTGVR
1001.14	gi|16127996|ref|NP_414543.1|	34	9	ATVLSAPAK
2136.24	gi|16127996|ref|NP_414543.1|	156	17	AVGHYLESTVDIAESTR
2310.45	gi|16127996|ref|NP_414543.1|	156	18	AVGHYLESTVDIAESTRR
999.14	gi|16127996|ref|NP_414543.1|	212	8	AVLAACLR
2075.35	gi|16127996|ref|NP_414543.1|	391	17	AVTERLAIISVVGDGMR
1375.42	gi|16127996|ref|NP_414543.1|	235	10	CDPRQVPDAR
1783.96	gi|16127996|ref|NP_414543.1|	235	13	CDPRQVPDARLLK
2256.28	gi|16127996|ref|NP_414543.1|	223	16	CEIWTDVDGVYTCDPR
1587.67	gi|16127996|ref|NP_414543.1|	114	12	CPDSINAALICR
1956.06	gi|16127996|ref|NP_414543.1|	114	15	CPDSINAALICRGEK
2298.61	gi|16127996|ref|NP_414543.1|	124	18	CRGEKMSIAIMAGVLEAR
1264.28	gi|16127996|ref|NP_414543.1|	361	9	CVPQSDCVR
1674.71	gi|16127996|ref|NP_414543.1|	361	12	CVPQSDCVRAER
879.93	gi|16127996|ref|NP_414543.1|	367	6	CVRAER
1380.42	gi|16127996|ref|NP_414543.1|	59	11	DALPNISDAER
804.94	gi|16127996|ref|NP_414543.1|	242	6	DARLLK
826.86	gi|16127996|ref|NP_414543.1|	447	7	DATTGVR
1013.04	gi|16127996|ref|NP_414543.1|	366	7	DCVRAER
959.96	gi|16127996|ref|NP_414543.1|	446	8	DDATTGVR
806.78	gi|16127996|ref|NP_414543.1|	300	6	DEDELP
923.92	gi|16127996|ref|NP_414543.1|	300	7	DEDELPV
1145.18	gi|16127996|ref|NP_414543.1|	300	9	DEDELPVKG
1276.36	gi|16127996|ref|NP_414543.1|	300	10	DEDELPVKGI
1381.45	gi|16127996|ref|NP_414543.1|	300	11	DEDELPVKGIS
1513.57	gi|16127996|ref|NP_414543.1|	300	12	DEDELPVKGISN
1644.74	gi|16127996|ref|NP_414543.1|	300	13	DEDELPVKGISNL
1776.86	gi|16127996|ref|NP_414543.1|	300	14	DEDELPVKGISNLN
1908.98	gi|16127996|ref|NP_414543.1|	300	15	DEDELPVKGISNLNN
2058.19	gi|16127996|ref|NP_414543.1|	300	16	DEDELPVKGISNLNNM
2147.28	gi|16127996|ref|NP_414543.1|	300	17	DEDELPVKGISNLNNMA
2296.49	gi|16127996|ref|NP_414543.1|	300	18	DEDELPVKGISNLNNMAM
789.88	gi|16127996|ref|NP_414543.1|	302	6	DELPVK
956.08	gi|16127996|ref|NP_414543.1|	404	7	DGMRTLR
1502.70	gi|16127996|ref|NP_414543.1|	404	12	DGMRTLRGISAK
1226.22	gi|16127996|ref|NP_414543.1|	230	9	DGVYTCDPR
2001.05	gi|16127996|ref|NP_414543.1|	230	15	DGVYTCDPRQVPDAR
1873.07	gi|16127996|ref|NP_414543.1|	182	15	DHMVLMAGFTAGNEK
898.92	gi|16127996|ref|NP_414543.1|	166	7	DIAESTR
1073.12	gi|16127996|ref|NP_414543.1|	166	8	DIAESTRR
1661.78	gi|16127996|ref|NP_414543.1|	166	13	DIAESTRRIAASR
1043.09	gi|16127996|ref|NP_414543.1|	22	8	DILESNAR
1197.27	gi|16127996|ref|NP_414543.1|	236	9	DPRQVPDAR
1605.80	gi|16127996|ref|NP_414543.1|	236	12	DPRQVPDARLLK
1104.18	gi|16127996|ref|NP_414543.1|	95	8	DQEFAQIK
1294.39	gi|16127996|ref|NP_414543.1|	116	10	DSINAALICR
1662.77	gi|16127996|ref|NP_414543.1|	116	13	DSINAALICRGEK
1476.48	gi|16127996|ref|NP_414543.1|	228	11	DVDGVYTCDPR
2251.30	gi|16127996|ref|NP_414543.1|	228	17	DVDGVYTCDPRQVPDAR
1507.62	gi|16127996|ref|NP_414543.1|	208	12	DYSAAVLAACLR
1425.57	gi|16127996|ref|NP_414543.1|	253	11	EAMELSYFGAK
2118.38	gi|16127996|ref|NP_414543.1|	253	16	EAMELSYFGAKVLHPR
1916.07	gi|16127996|ref|NP_414543.1|	139	15	EARGHNVTVIDPVEK
937.01	gi|16127996|ref|NP_414543.1|	301	7	EDELPVK
1196.31	gi|16127996|ref|NP_414543.1|	376	8	EEFYLELK
824.93	gi|16127996|ref|NP_414543.1|	97	6	EFAQIK
1049.18	gi|16127996|ref|NP_414543.1|	377	7	EFYLELK
746.81	gi|16127996|ref|NP_414543.1|	384	6	EGLLEP
877.98	gi|16127996|ref|NP_414543.1|	384	7	EGLLEPL
967.08	gi|16127996|ref|NP_414543.1|	384	8	EGLLEPLA
1084.23	gi|16127996|ref|NP_414543.1|	384	9	EGLLEPLAV
1203.35	gi|16127996|ref|NP_414543.1|	384	10	EGLLEPLAVT
1350.48	gi|16127996|ref|NP_414543.1|	384	11	EGLLEPLAVTE
1655.86	gi|16127996|ref|NP_414543.1|	384	13	EGLLEPLAVTERL
1744.95	gi|16127996|ref|NP_414543.1|	384	14	EGLLEPLAVTERLA
1876.12	gi|16127996|ref|NP_414543.1|	384	15	EGLLEPLAVTERLAI
2007.30	gi|16127996|ref|NP_414543.1|	384	16	EGLLEPLAVTERLAII
2112.39	gi|16127996|ref|NP_414543.1|	384	17	EGLLEPLAVTERLAIIS
2229.54	gi|16127996|ref|NP_414543.1|	384	18	EGLLEPLAVTERLAIISV
2346.69	gi|16127996|ref|NP_414543.1|	384	19	EGLLEPLAVTERLAIISVV
2078.13	gi|16127996|ref|NP_414543.1|	224	15	EIWTDVDGVYTCDPR
1261.43	gi|16127996|ref|NP_414543.1|	195	10	EKGELVVLGR
1871.18	gi|16127996|ref|NP_414543.1|	127	15	EKMSIAIMAGVLEAR
2250.35	gi|16127996|ref|NP_414543.1|	52	18	EKTISGQDALPNISDAER
1949.18	gi|16127996|ref|NP_414543.1|	381	15	ELKEGLLEPLAVTER
2262.57	gi|16127996|ref|NP_414543.1|	73	19	ELLTGLAAAQPGFPLAQLK
1040.13	gi|16127996|ref|NP_414543.1|	256	8	ELSYFGAK
1732.95	gi|16127996|ref|NP_414543.1|	256	13	ELSYFGAKVLHPR
893.05	gi|16127996|ref|NP_414543.1|	198	7	ELVVLGR
1040.13	gi|16127996|ref|NP_414543.1|	388	8	EPLAVTER
1346.46	gi|16127996|ref|NP_414543.1|	482	9	EQLKRQQSW
1902.10	gi|16127996|ref|NP_414543.1|	371	13	ERAMQEEFYLELK
2041.24	gi|16127996|ref|NP_414543.1|	15	15	ERFLRVADILESNAR
1749.99	gi|16127996|ref|NP_414543.1|	394	14	ERLAIISVVGDGMR
2174.49	gi|16127996|ref|NP_414543.1|	394	17	ERLAIISVVGDGMRTLR
2238.34	gi|16127996|ref|NP_414543.1|	436	18	ERSISVVVNNDDATTGVR
2133.29	gi|16127996|ref|NP_414543.1|	25	18	ESNARQGQVATVLSAPAK
1308.41	gi|16127996|ref|NP_414543.1|	169	10	ESTRRIAASR
1387.41	gi|16127996|ref|NP_414543.1|	162	11	ESTVDIAESTR
1561.62	gi|16127996|ref|NP_414543.1|	162	12	ESTVDIAESTRR
2150.27	gi|16127996|ref|NP_414543.1|	162	17	ESTVDIAESTRRIAASR
2209.51	gi|16127996|ref|NP_414543.1|	467	19	EVFVIGVGGVGGALLEQLK
2383.71	gi|16127996|ref|NP_414543.1|	467	20	EVFVIGVGGVGGALLEQLKR
2099.16	gi|16127996|ref|NP_414543.1|	355	15	EYSISFCVPQSDCVR
737.85	gi|16127996|ref|NP_414543.1|	417	6	FAALAR
771.88	gi|16127996|ref|NP_414543.1|	336	6	FAAMSR
1035.18	gi|16127996|ref|NP_414543.1|	336	8	FAAMSRAR
1429.47	gi|16127996|ref|NP_414543.1|	360	10	FCVPQSDCVR
1839.90	gi|16127996|ref|NP_414543.1|	360	13	FCVPQSDCVRAER
728.84	gi|16127996|ref|NP_414543.1|	416	6	FFAALA
992.14	gi|16127996|ref|NP_414543.1|	416	8	FFAALARA
1124.26	gi|16127996|ref|NP_414543.1|	416	9	FFAALARAN
1255.43	gi|16127996|ref|NP_414543.1|	416	10	FFAALARANI
1387.55	gi|16127996|ref|NP_414543.1|	416	11	FFAALARANIN
1518.73	gi|16127996|ref|NP_414543.1|	416	12	FFAALARANINI
1635.87	gi|16127996|ref|NP_414543.1|	416	13	FFAALARANINIV
1724.97	gi|16127996|ref|NP_414543.1|	416	14	FFAALARANINIVA
1856.14	gi|16127996|ref|NP_414543.1|	416	15	FFAALARANINIVAI
1945.24	gi|16127996|ref|NP_414543.1|	416	16	FFAALARANINIVAIA
2091.38	gi|16127996|ref|NP_414543.1|	416	17	FFAALARANINIVAIAQ
2166.45	gi|16127996|ref|NP_414543.1|	416	18	FFAALARANINIVAIAQG
2271.54	gi|16127996|ref|NP_414543.1|	416	19	FFAALARANINIVAIAQGS
2376.64	gi|16127996|ref|NP_414543.1|	416	20	FFAALARANINIVAIAQGSS
1168.36	gi|16127996|ref|NP_414543.1|	260	9	FGAKVLHPR
656.69	gi|16127996|ref|NP_414543.1|	6	6	FGGTSV
745.78	gi|16127996|ref|NP_414543.1|	6	7	FGGTSVA
877.90	gi|16127996|ref|NP_414543.1|	6	8	FGGTSVAN
967.00	gi|16127996|ref|NP_414543.1|	6	9	FGGTSVANA
1114.13	gi|16127996|ref|NP_414543.1|	6	10	FGGTSVANAE
1453.52	gi|16127996|ref|NP_414543.1|	6	12	FGGTSVANAERF
1584.70	gi|16127996|ref|NP_414543.1|	6	13	FGGTSVANAERFL
1876.05	gi|16127996|ref|NP_414543.1|	6	15	FGGTSVANAERFLRV
1965.14	gi|16127996|ref|NP_414543.1|	6	16	FGGTSVANAERFLRVA
2098.24	gi|16127996|ref|NP_414543.1|	6	17	FGGTSVANAERFLRVAD
2229.42	gi|16127996|ref|NP_414543.1|	6	18	FGGTSVANAERFLRVADI
2360.59	gi|16127996|ref|NP_414543.1|	6	19	FGGTSVANAERFLRVADIL
809.92	gi|16127996|ref|NP_414543.1|	17	6	FLRVAD
941.09	gi|16127996|ref|NP_414543.1|	17	7	FLRVADI
1072.26	gi|16127996|ref|NP_414543.1|	17	8	FLRVADIL
1219.40	gi|16127996|ref|NP_414543.1|	17	9	FLRVADILE
1324.49	gi|16127996|ref|NP_414543.1|	17	10	FLRVADILES
1456.61	gi|16127996|ref|NP_414543.1|	17	11	FLRVADILESN
1545.70	gi|16127996|ref|NP_414543.1|	17	12	FLRVADILESNA
1866.05	gi|16127996|ref|NP_414543.1|	17	14	FLRVADILESNARQ
1941.12	gi|16127996|ref|NP_414543.1|	17	15	FLRVADILESNARQG
2087.26	gi|16127996|ref|NP_414543.1|	17	16	FLRVADILESNARQGQ
2204.41	gi|16127996|ref|NP_414543.1|	17	17	FLRVADILESNARQGQV
2293.51	gi|16127996|ref|NP_414543.1|	17	18	FLRVADILESNARQGQVA
924.10	gi|16127996|ref|NP_414543.1|	85	7	FPLAQLK
1144.34	gi|16127996|ref|NP_414543.1|	276	8	FQIPCLIK
1053.19	gi|16127996|ref|NP_414543.1|	318	9	FSVSGPGMK
1971.28	gi|16127996|ref|NP_414543.1|	318	17	FSVSGPGMKGMVGMAAR
873.91	gi|16127996|ref|NP_414543.1|	190	7	FTAGNEK
1842.03	gi|16127996|ref|NP_414543.1|	190	15	FTAGNEKGELVVLGR
1386.52	gi|16127996|ref|NP_414543.1|	93	10	FVDQEFAQIK
1945.23	gi|16127996|ref|NP_414543.1|	469	17	FVIGVGGVGGALLEQLK
2119.43	gi|16127996|ref|NP_414543.1|	469	18	FVIGVGGVGGALLEQLKR
902.05	gi|16127996|ref|NP_414543.1|	378	6	FYLELK
1003.16	gi|16127996|ref|NP_414543.1|	261	8	GAKVLHPR
997.15	gi|16127996|ref|NP_414543.1|	478	8	GALLEQLK
1171.35	gi|16127996|ref|NP_414543.1|	478	9	GALLEQLKR
1772.97	gi|16127996|ref|NP_414543.1|	478	13	GALLEQLKRQQSW
1513.57	gi|16127996|ref|NP_414543.1|	296	12	GASRDEDELPVK
1031.15	gi|16127996|ref|NP_414543.1|	403	8	GDGMRTLR
1577.77	gi|16127996|ref|NP_414543.1|	403	13	GDGMRTLRGISAK
753.86	gi|16127996|ref|NP_414543.1|	126	6	GEKMSI
842.96	gi|16127996|ref|NP_414543.1|	126	7	GEKMSIA
974.13	gi|16127996|ref|NP_414543.1|	126	8	GEKMSIAI
1123.34	gi|16127996|ref|NP_414543.1|	126	9	GEKMSIAIM
1212.43	gi|16127996|ref|NP_414543.1|	126	10	GEKMSIAIMA
1287.50	gi|16127996|ref|NP_414543.1|	126	11	GEKMSIAIMAG
1404.65	gi|16127996|ref|NP_414543.1|	126	12	GEKMSIAIMAGV
1535.82	gi|16127996|ref|NP_414543.1|	126	13	GEKMSIAIMAGVL
1682.95	gi|16127996|ref|NP_414543.1|	126	14	GEKMSIAIMAGVLE
1772.05	gi|16127996|ref|NP_414543.1|	126	15	GEKMSIAIMAGVLEA
2021.32	gi|16127996|ref|NP_414543.1|	126	17	GEKMSIAIMAGVLEARG
2176.48	gi|16127996|ref|NP_414543.1|	126	18	GEKMSIAIMAGVLEARGH
2308.59	gi|16127996|ref|NP_414543.1|	126	19	GEKMSIAIMAGVLEARGHN
718.84	gi|16127996|ref|NP_414543.1|	197	6	GELVVL
793.91	gi|16127996|ref|NP_414543.1|	197	7	GELVVLG
1100.23	gi|16127996|ref|NP_414543.1|	197	9	GELVVLGRN
1175.30	gi|16127996|ref|NP_414543.1|	197	10	GELVVLGRNG
1280.39	gi|16127996|ref|NP_414543.1|	197	11	GELVVLGRNGS
1413.50	gi|16127996|ref|NP_414543.1|	197	12	GELVVLGRNGSD
1594.69	gi|16127996|ref|NP_414543.1|	197	13	GELVVLGRNGSDY
1699.78	gi|16127996|ref|NP_414543.1|	197	14	GELVVLGRNGSDYS
1788.88	gi|16127996|ref|NP_414543.1|	197	15	GELVVLGRNGSDYSA
1877.97	gi|16127996|ref|NP_414543.1|	197	16	GELVVLGRNGSDYSAA
1995.12	gi|16127996|ref|NP_414543.1|	197	17	GELVVLGRNGSDYSAAV
2126.29	gi|16127996|ref|NP_414543.1|	197	18	GELVVLGRNGSDYSAAVL
2215.39	gi|16127996|ref|NP_414543.1|	197	19	GELVVLGRNGSDYSAAVLA
2304.48	gi|16127996|ref|NP_414543.1|	197	20	GELVVLGRNGSDYSAAVLAA
999.17	gi|16127996|ref|NP_414543.1|	84	8	GFPLAQLK
948.98	gi|16127996|ref|NP_414543.1|	189	8	GFTAGNEK
1917.09	gi|16127996|ref|NP_414543.1|	189	16	GFTAGNEKGELVVLGR
1072.22	gi|16127996|ref|NP_414543.1|	477	9	GGALLEQLK
1246.42	gi|16127996|ref|NP_414543.1|	477	10	GGALLEQLKR
1848.04	gi|16127996|ref|NP_414543.1|	477	14	GGALLEQLKRQQSW
1123.14	gi|16127996|ref|NP_414543.1|	7	10	GGTSVANAER
1593.71	gi|16127996|ref|NP_414543.1|	7	13	GGTSVANAERFLR
1339.50	gi|16127996|ref|NP_414543.1|	474	12	GGVGGALLEQLK
1513.70	gi|16127996|ref|NP_414543.1|	474	13	GGVGGALLEQLKR
2115.32	gi|16127996|ref|NP_414543.1|	474	17	GGVGGALLEQLKRQQSW
715.76	gi|16127996|ref|NP_414543.1|	142	6	GHNVTV
846.93	gi|16127996|ref|NP_414543.1|	142	7	GHNVTVI
980.04	gi|16127996|ref|NP_414543.1|	142	8	GHNVTVID
1095.17	gi|16127996|ref|NP_414543.1|	142	9	GHNVTVIDP
1212.32	gi|16127996|ref|NP_414543.1|	142	10	GHNVTVIDPV
1359.45	gi|16127996|ref|NP_414543.1|	142	11	GHNVTVIDPVE
1636.81	gi|16127996|ref|NP_414543.1|	142	13	GHNVTVIDPVEKL
1767.99	gi|16127996|ref|NP_414543.1|	142	14	GHNVTVIDPVEKLL
1857.08	gi|16127996|ref|NP_414543.1|	142	15	GHNVTVIDPVEKLLA
1974.23	gi|16127996|ref|NP_414543.1|	142	16	GHNVTVIDPVEKLLAV
2049.30	gi|16127996|ref|NP_414543.1|	142	17	GHNVTVIDPVEKLLAVG
2204.45	gi|16127996|ref|NP_414543.1|	142	18	GHNVTVIDPVEKLLAVGH
2385.64	gi|16127996|ref|NP_414543.1|	142	19	GHNVTVIDPVEKLLAVGHY
1930.00	gi|16127996|ref|NP_414543.1|	158	15	GHYLESTVDIAESTR
2104.21	gi|16127996|ref|NP_414543.1|	158	16	GHYLESTVDIAESTRR
711.81	gi|16127996|ref|NP_414543.1|	411	6	GISAKF
877.00	gi|16127996|ref|NP_414543.1|	411	7	GISAKFF
966.10	gi|16127996|ref|NP_414543.1|	411	8	GISAKFFA
1055.19	gi|16127996|ref|NP_414543.1|	411	9	GISAKFFAA
1186.37	gi|16127996|ref|NP_414543.1|	411	10	GISAKFFAAL
1275.46	gi|16127996|ref|NP_414543.1|	411	11	GISAKFFAALA
1538.76	gi|16127996|ref|NP_414543.1|	411	13	GISAKFFAALARA
1670.88	gi|16127996|ref|NP_414543.1|	411	14	GISAKFFAALARAN
1802.05	gi|16127996|ref|NP_414543.1|	411	15	GISAKFFAALARANI
1934.17	gi|16127996|ref|NP_414543.1|	411	16	GISAKFFAALARANIN
2065.34	gi|16127996|ref|NP_414543.1|	411	17	GISAKFFAALARANINI
2182.49	gi|16127996|ref|NP_414543.1|	411	18	GISAKFFAALARANINIV
2271.59	gi|16127996|ref|NP_414543.1|	411	19	GISAKFFAALARANINIVA
2382.57	gi|16127996|ref|NP_414543.1|	107	19	GISLLGQCPDSINAALICR
706.75	gi|16127996|ref|NP_414543.1|	308	6	GISNLN
838.87	gi|16127996|ref|NP_414543.1|	308	7	GISNLNN
988.08	gi|16127996|ref|NP_414543.1|	308	8	GISNLNNM
1077.17	gi|16127996|ref|NP_414543.1|	308	9	GISNLNNMA
1226.38	gi|16127996|ref|NP_414543.1|	308	10	GISNLNNMAM
1391.57	gi|16127996|ref|NP_414543.1|	308	11	GISNLNNMAMF
1496.66	gi|16127996|ref|NP_414543.1|	308	12	GISNLNNMAMFS
1613.81	gi|16127996|ref|NP_414543.1|	308	13	GISNLNNMAMFSV
1718.90	gi|16127996|ref|NP_414543.1|	308	14	GISNLNNMAMFSVS
1793.97	gi|16127996|ref|NP_414543.1|	308	15	GISNLNNMAMFSVSG
1909.10	gi|16127996|ref|NP_414543.1|	308	16	GISNLNNMAMFSVSGP
1984.17	gi|16127996|ref|NP_414543.1|	308	17	GISNLNNMAMFSVSGPG
2133.38	gi|16127996|ref|NP_414543.1|	308	18	GISNLNNMAMFSVSGPGM
2354.64	gi|16127996|ref|NP_414543.1|	308	20	GISNLNNMAMFSVSGPGMKG
1733.97	gi|16127996|ref|NP_414543.1|	77	15	GLAAAQPGFPLAQLK
1377.55	gi|16127996|ref|NP_414543.1|	385	11	GLLEPLAVTER
1465.70	gi|16127996|ref|NP_414543.1|	330	12	GMAARVFAAMSR
1729.00	gi|16127996|ref|NP_414543.1|	330	14	GMAARVFAAMSRAR
1288.55	gi|16127996|ref|NP_414543.1|	324	11	GMKGMVGMAAR
2177.59	gi|16127996|ref|NP_414543.1|	324	18	GMKGMVGMAARVFAAMSR
822.98	gi|16127996|ref|NP_414543.1|	405	6	GMRTLR
1369.59	gi|16127996|ref|NP_414543.1|	405	11	GMRTLRGISAK
2272.64	gi|16127996|ref|NP_414543.1|	405	18	GMRTLRGISAKFFAALAR
654.79	gi|16127996|ref|NP_414543.1|	327	6	GMVGMA
743.89	gi|16127996|ref|NP_414543.1|	327	7	GMVGMAA
1035.24	gi|16127996|ref|NP_414543.1|	327	9	GMVGMAARV
1200.43	gi|16127996|ref|NP_414543.1|	327	10	GMVGMAARVF
1289.52	gi|16127996|ref|NP_414543.1|	327	11	GMVGMAARVFA
1378.62	gi|16127996|ref|NP_414543.1|	327	12	GMVGMAARVFAA
1527.83	gi|16127996|ref|NP_414543.1|	327	13	GMVGMAARVFAAM
1632.92	gi|16127996|ref|NP_414543.1|	327	14	GMVGMAARVFAAMS
1896.22	gi|16127996|ref|NP_414543.1|	327	16	GMVGMAARVFAAMSRA
2201.59	gi|16127996|ref|NP_414543.1|	327	18	GMVGMAARVFAAMSRARI
2306.69	gi|16127996|ref|NP_414543.1|	327	19	GMVGMAARVFAAMSRARIS
1468.62	gi|16127996|ref|NP_414543.1|	193	12	GNEKGELVVLGR
1572.69	gi|16127996|ref|NP_414543.1|	286	14	GNPQAPGTLIGASR
1478.75	gi|16127996|ref|NP_414543.1|	322	13	GPGMKGMVGMAAR
2367.79	gi|16127996|ref|NP_414543.1|	322	20	GPGMKGMVGMAARVFAAMSR
1808.88	gi|16127996|ref|NP_414543.1|	112	14	GQCPDSINAALICR
2177.27	gi|16127996|ref|NP_414543.1|	112	17	GQCPDSINAALICRGEK
1601.64	gi|16127996|ref|NP_414543.1|	57	13	GQDALPNISDAER
1339.50	gi|16127996|ref|NP_414543.1|	31	12	GQVATVLSAPAK
2069.17	gi|16127996|ref|NP_414543.1|	203	17	GRNGSDYSAAVLAACLR
1687.78	gi|16127996|ref|NP_414543.1|	206	14	GSDYSAAVLAACLR
899.99	gi|16127996|ref|NP_414543.1|	292	8	GTLIGASR
1970.11	gi|16127996|ref|NP_414543.1|	292	16	GTLIGASRDEDELPVK
1048.07	gi|16127996|ref|NP_414543.1|	8	9	GTSVANAER
1518.64	gi|16127996|ref|NP_414543.1|	8	12	GTSVANAERFLR
1264.43	gi|16127996|ref|NP_414543.1|	475	11	GVGGALLEQLK
1438.64	gi|16127996|ref|NP_414543.1|	475	12	GVGGALLEQLKR
2040.25	gi|16127996|ref|NP_414543.1|	475	16	GVGGALLEQLKRQQSW
1531.72	gi|16127996|ref|NP_414543.1|	472	14	GVGGVGGALLEQLK
1705.92	gi|16127996|ref|NP_414543.1|	472	15	GVGGVGGALLEQLKR
2307.53	gi|16127996|ref|NP_414543.1|	472	19	GVGGVGGALLEQLKRQQSW
733.82	gi|16127996|ref|NP_414543.1|	136	6	GVLEAR
2239.46	gi|16127996|ref|NP_414543.1|	136	18	GVLEARGHNVTVIDPVEK
1093.12	gi|16127996|ref|NP_414543.1|	231	8	GVYTCDPR
1867.95	gi|16127996|ref|NP_414543.1|	231	14	GVYTCDPRQVPDAR
2276.49	gi|16127996|ref|NP_414543.1|	231	17	GVYTCDPRQVPDARLLK
1066.28	gi|16127996|ref|NP_414543.1|	46	8	HLVAMIEK
1739.97	gi|16127996|ref|NP_414543.1|	183	14	HMVLMAGFTAGNEK
1430.57	gi|16127996|ref|NP_414543.1|	143	11	HNVTVIDPVEK
764.88	gi|16127996|ref|NP_414543.1|	103	6	HVLHGI
869.97	gi|16127996|ref|NP_414543.1|	103	7	HVLHGIS
1001.15	gi|16127996|ref|NP_414543.1|	103	8	HVLHGISL
1132.32	gi|16127996|ref|NP_414543.1|	103	9	HVLHGISLL
1207.39	gi|16127996|ref|NP_414543.1|	103	10	HVLHGISLLG
1353.53	gi|16127996|ref|NP_414543.1|	103	11	HVLHGISLLGQ
1531.69	gi|16127996|ref|NP_414543.1|	103	12	HVLHGISLLGQC
1646.82	gi|16127996|ref|NP_414543.1|	103	13	HVLHGISLLGQCP
1779.92	gi|16127996|ref|NP_414543.1|	103	14	HVLHGISLLGQCPD
1885.02	gi|16127996|ref|NP_414543.1|	103	15	HVLHGISLLGQCPDS
2016.19	gi|16127996|ref|NP_414543.1|	103	16	HVLHGISLLGQCPDSI
2148.31	gi|16127996|ref|NP_414543.1|	103	17	HVLHGISLLGQCPDSIN
2237.40	gi|16127996|ref|NP_414543.1|	103	18	HVLHGISLLGQCPDSINA
2326.50	gi|16127996|ref|NP_414543.1|	103	19	HVLHGISLLGQCPDSINAA
1854.94	gi|16127996|ref|NP_414543.1|	159	14	HYLESTVDIAESTR
2029.14	gi|16127996|ref|NP_414543.1|	159	15	HYLESTVDIAESTRR
719.83	gi|16127996|ref|NP_414543.1|	174	6	IAASRI
834.97	gi|16127996|ref|NP_414543.1|	174	7	IAASRIP
924.06	gi|16127996|ref|NP_414543.1|	174	8	IAASRIPA
1057.16	gi|16127996|ref|NP_414543.1|	174	9	IAASRIPAD
1212.32	gi|16127996|ref|NP_414543.1|	174	10	IAASRIPADH
1361.53	gi|16127996|ref|NP_414543.1|	174	11	IAASRIPADHM
1478.68	gi|16127996|ref|NP_414543.1|	174	12	IAASRIPADHMV
1609.85	gi|16127996|ref|NP_414543.1|	174	13	IAASRIPADHMVL
1759.06	gi|16127996|ref|NP_414543.1|	174	14	IAASRIPADHMVLM
1848.15	gi|16127996|ref|NP_414543.1|	174	15	IAASRIPADHMVLMA
1923.22	gi|16127996|ref|NP_414543.1|	174	16	IAASRIPADHMVLMAG
2088.41	gi|16127996|ref|NP_414543.1|	174	17	IAASRIPADHMVLMAGF
2207.53	gi|16127996|ref|NP_414543.1|	174	18	IAASRIPADHMVLMAGFT
2296.63	gi|16127996|ref|NP_414543.1|	174	19	IAASRIPADHMVLMAGFTA
2371.69	gi|16127996|ref|NP_414543.1|	174	20	IAASRIPADHMVLMAGFTAG
765.82	gi|16127996|ref|NP_414543.1|	167	6	IAESTR
940.02	gi|16127996|ref|NP_414543.1|	167	7	IAESTRR
1528.68	gi|16127996|ref|NP_414543.1|	167	12	IAESTRRIAASR
1323.56	gi|16127996|ref|NP_414543.1|	131	11	IAIMAGVLEAR
1510.75	gi|16127996|ref|NP_414543.1|	273	11	IAQFQIPCLIK
973.00	gi|16127996|ref|NP_414543.1|	430	8	IAQGSSER
851.92	gi|16127996|ref|NP_414543.1|	123	6	ICRGEK
789.88	gi|16127996|ref|NP_414543.1|	148	6	IDPVEK
2381.52	gi|16127996|ref|NP_414543.1|	51	19	IEKTISGQDALPNISDAER
2340.68	gi|16127996|ref|NP_414543.1|	466	20	IEVFVIGVGGVGGALLEQLK
794.94	gi|16127996|ref|NP_414543.1|	70	6	IFAELL
914.06	gi|16127996|ref|NP_414543.1|	70	7	IFAELLT
989.13	gi|16127996|ref|NP_414543.1|	70	8	IFAELLTG
1120.30	gi|16127996|ref|NP_414543.1|	70	9	IFAELLTGL
1209.40	gi|16127996|ref|NP_414543.1|	70	10	IFAELLTGLA
1298.49	gi|16127996|ref|NP_414543.1|	70	11	IFAELLTGLAA
1387.59	gi|16127996|ref|NP_414543.1|	70	12	IFAELLTGLAAA
1533.73	gi|16127996|ref|NP_414543.1|	70	13	IFAELLTGLAAAQ
1648.86	gi|16127996|ref|NP_414543.1|	70	14	IFAELLTGLAAAQP
1723.93	gi|16127996|ref|NP_414543.1|	70	15	IFAELLTGLAAAQPG
1889.12	gi|16127996|ref|NP_414543.1|	70	16	IFAELLTGLAAAQPGF
2004.25	gi|16127996|ref|NP_414543.1|	70	17	IFAELLTGLAAAQPGFP
2135.43	gi|16127996|ref|NP_414543.1|	70	18	IFAELLTGLAAAQPGFPL
2224.52	gi|16127996|ref|NP_414543.1|	70	19	IFAELLTGLAAAQPGFPLA
2370.67	gi|16127996|ref|NP_414543.1|	70	20	IFAELLTGLAAAQPGFPLAQ
1644.75	gi|16127996|ref|NP_414543.1|	295	13	IGASRDEDELPVK
1662.89	gi|16127996|ref|NP_414543.1|	471	15	IGVGGVGGALLEQLK
1837.09	gi|16127996|ref|NP_414543.1|	471	16	IGVGGVGGALLEQLKR
1208.39	gi|16127996|ref|NP_414543.1|	398	10	IISVVGDGMR
1632.89	gi|16127996|ref|NP_414543.1|	398	13	IISVVGDGMRTLR
2179.50	gi|16127996|ref|NP_414543.1|	398	18	IISVVGDGMRTLRGISAK
2101.29	gi|16127996|ref|NP_414543.1|	282	18	IKNTGNPQAPGTLIGASR
909.99	gi|16127996|ref|NP_414543.1|	23	7	ILESNAR
2395.64	gi|16127996|ref|NP_414543.1|	23	20	ILESNARQGQVATVLSAPAK
1103.29	gi|16127996|ref|NP_414543.1|	133	9	IMAGVLEAR
1056.19	gi|16127996|ref|NP_414543.1|	118	8	INAALICR
1424.58	gi|16127996|ref|NP_414543.1|	118	11	INAALICRGEK
1573.71	gi|16127996|ref|NP_414543.1|	425	13	INIVAIAQGSSER
772.87	gi|16127996|ref|NP_414543.1|	179	6	IPADHM
890.02	gi|16127996|ref|NP_414543.1|	179	7	IPADHMV
1021.19	gi|16127996|ref|NP_414543.1|	179	8	IPADHMVL
1170.40	gi|16127996|ref|NP_414543.1|	179	9	IPADHMVLM
1259.49	gi|16127996|ref|NP_414543.1|	179	10	IPADHMVLMA
1334.56	gi|16127996|ref|NP_414543.1|	179	11	IPADHMVLMAG
1499.75	gi|16127996|ref|NP_414543.1|	179	12	IPADHMVLMAGF
1618.87	gi|16127996|ref|NP_414543.1|	179	13	IPADHMVLMAGFT
1707.97	gi|16127996|ref|NP_414543.1|	179	14	IPADHMVLMAGFTA
1783.03	gi|16127996|ref|NP_414543.1|	179	15	IPADHMVLMAGFTAG
1915.15	gi|16127996|ref|NP_414543.1|	179	16	IPADHMVLMAGFTAGN
2062.28	gi|16127996|ref|NP_414543.1|	179	17	IPADHMVLMAGFTAGNE
2283.54	gi|16127996|ref|NP_414543.1|	179	19	IPADHMVLMAGFTAGNEKG
833.00	gi|16127996|ref|NP_414543.1|	278	6	IPCLIK
1374.60	gi|16127996|ref|NP_414543.1|	412	11	ISAKFFAALAR
779.80	gi|16127996|ref|NP_414543.1|	64	6	ISDAER
1665.74	gi|16127996|ref|NP_414543.1|	358	12	ISFCVPQSDCVR
2076.17	gi|16127996|ref|NP_414543.1|	358	15	ISFCVPQSDCVRAER
1837.90	gi|16127996|ref|NP_414543.1|	55	15	ISGQDALPNISDAER
2307.50	gi|16127996|ref|NP_414543.1|	108	18	ISLLGQCPDSINAALICR
2204.50	gi|16127996|ref|NP_414543.1|	309	18	ISNLNNMAMFSVSGPGMK
724.80	gi|16127995|ref|NP_414542.1|	4	6	ISTTIT
843.92	gi|16127995|ref|NP_414542.1|	4	7	ISTTITT
963.04	gi|16127995|ref|NP_414542.1|	4	8	ISTTITTT
1094.22	gi|16127995|ref|NP_414542.1|	4	9	ISTTITTTI
1213.34	gi|16127995|ref|NP_414542.1|	4	10	ISTTITTTIT
1344.51	gi|16127995|ref|NP_414542.1|	4	11	ISTTITTTITI
1463.64	gi|16127995|ref|NP_414542.1|	4	12	ISTTITTTITIT
1582.76	gi|16127995|ref|NP_414542.1|	4	13	ISTTITTTITITT
1657.82	gi|16127995|ref|NP_414542.1|	4	14	ISTTITTTITITTG
1789.94	gi|16127995|ref|NP_414542.1|	4	15	ISTTITTTITITTGN
1865.01	gi|16127995|ref|NP_414542.1|	4	16	ISTTITTTITITTGNG
1954.10	gi|16127995|ref|NP_414542.1|	4	17	ISTTITTTITITTGNGA
1077.21	gi|16127996|ref|NP_414543.1|	399	9	ISVVGDGMR
1501.71	gi|16127996|ref|NP_414543.1|	399	12	ISVVGDGMRTLR
2048.33	gi|16127996|ref|NP_414543.1|	399	17	ISVVGDGMRTLRGISAK
732.91	gi|16127996|ref|NP_414543.1|	344	6	ISVVLI
852.03	gi|16127996|ref|NP_414543.1|	344	7	ISVVLIT
998.18	gi|16127996|ref|NP_414543.1|	344	8	ISVVLITQ
1103.27	gi|16127996|ref|NP_414543.1|	344	9	ISVVLITQS
1208.37	gi|16127996|ref|NP_414543.1|	344	10	ISVVLITQSS
1313.46	gi|16127996|ref|NP_414543.1|	344	11	ISVVLITQSSS
1460.59	gi|16127996|ref|NP_414543.1|	344	12	ISVVLITQSSSE
1641.78	gi|16127996|ref|NP_414543.1|	344	13	ISVVLITQSSSEY
1746.88	gi|16127996|ref|NP_414543.1|	344	14	ISVVLITQSSSEYS
1878.05	gi|16127996|ref|NP_414543.1|	344	15	ISVVLITQSSSEYSI
1983.14	gi|16127996|ref|NP_414543.1|	344	16	ISVVLITQSSSEYSIS
2148.34	gi|16127996|ref|NP_414543.1|	344	17	ISVVLITQSSSEYSISF
2326.49	gi|16127996|ref|NP_414543.1|	344	18	ISVVLITQSSSEYSISFC
1811.91	gi|16127996|ref|NP_414543.1|	439	15	ISVVVNNDDATTGVR
1066.13	gi|16127995|ref|NP_414542.1|	12	10	ITITTGNGAG
785.89	gi|16127996|ref|NP_414543.1|	43	6	ITNHLV
874.99	gi|16127996|ref|NP_414543.1|	43	7	ITNHLVA
1024.20	gi|16127996|ref|NP_414543.1|	43	8	ITNHLVAM
1155.37	gi|16127996|ref|NP_414543.1|	43	9	ITNHLVAMI
1302.50	gi|16127996|ref|NP_414543.1|	43	10	ITNHLVAMIE
1567.81	gi|16127996|ref|NP_414543.1|	43	12	ITNHLVAMIEKT
1698.99	gi|16127996|ref|NP_414543.1|	43	13	ITNHLVAMIEKTI
1804.08	gi|16127996|ref|NP_414543.1|	43	14	ITNHLVAMIEKTIS
1879.15	gi|16127996|ref|NP_414543.1|	43	15	ITNHLVAMIEKTISG
2025.29	gi|16127996|ref|NP_414543.1|	43	16	ITNHLVAMIEKTISGQ
2158.40	gi|16127996|ref|NP_414543.1|	43	17	ITNHLVAMIEKTISGQD
2247.49	gi|16127996|ref|NP_414543.1|	43	18	ITNHLVAMIEKTISGQDA
2378.66	gi|16127996|ref|NP_414543.1|	43	19	ITNHLVAMIEKTISGQDAL
1876.18	gi|16127996|ref|NP_414543.1|	270	14	ITPIAQFQIPCLIK
815.83	gi|16127995|ref|NP_414542.1|	14	8	ITTGNGAG
1554.66	gi|16127995|ref|NP_414542.1|	8	14	ITTTITITTGNGAG
1310.42	gi|16127996|ref|NP_414543.1|	427	11	IVAIAQGSSER
1931.00	gi|16127996|ref|NP_414543.1|	225	14	IWTDVDGVYTCDPR
1670.87	gi|16127996|ref|NP_414543.1|	383	13	KEGLLEPLAVTER
1049.23	gi|16127996|ref|NP_414543.1|	415	8	KFFAALAR
1434.52	gi|16127996|ref|NP_414543.1|	5	12	KFGGTSVANAER
1905.09	gi|16127996|ref|NP_414543.1|	5	15	KFGGTSVANAERFLR
1114.30	gi|16127996|ref|NP_414543.1|	196	9	KGELVVLGR
1064.28	gi|16127996|ref|NP_414543.1|	326	9	KGMVGMAAR
1953.31	gi|16127996|ref|NP_414543.1|	326	16	KGMVGMAARVFAAMSR
2216.61	gi|16127996|ref|NP_414543.1|	326	18	KGMVGMAARVFAAMSRAR
1594.88	gi|16127996|ref|NP_414543.1|	42	12	KITNHLVAMIEK
1724.05	gi|16127996|ref|NP_414543.1|	128	14	KMSIAIMAGVLEAR
1970.11	gi|16127996|ref|NP_414543.1|	283	17	KNTGNPQAPGTLIGASR
2349.56	gi|16127995|ref|NP_414542.1|	2	20	KRISTTITTTITITTGNGAG
922.01	gi|16127996|ref|NP_414543.1|	485	6	KRQQSW
2258.49	gi|16127996|ref|NP_414543.1|	247	17	KSMSYQEAMELSYFGAK
1651.83	gi|16127996|ref|NP_414543.1|	91	12	KTFVDQEFAQIK
2103.21	gi|16127996|ref|NP_414543.1|	53	17	KTISGQDALPNISDAER
839.00	gi|16127996|ref|NP_414543.1|	263	6	KVLHPR
1658.91	gi|16127996|ref|NP_414543.1|	78	14	LAAAQPGFPLAQLK
792.89	gi|16127996|ref|NP_414543.1|	214	6	LAACLR
704.86	gi|16127996|ref|NP_414543.1|	396	6	LAIISV
822.01	gi|16127996|ref|NP_414543.1|	396	7	LAIISVV
897.07	gi|16127996|ref|NP_414543.1|	396	8	LAIISVVG
1030.18	gi|16127996|ref|NP_414543.1|	396	9	LAIISVVGD
1105.25	gi|16127996|ref|NP_414543.1|	396	10	LAIISVVGDG
1254.45	gi|16127996|ref|NP_414543.1|	396	11	LAIISVVGDGM
1547.78	gi|16127996|ref|NP_414543.1|	396	13	LAIISVVGDGMRT
1678.95	gi|16127996|ref|NP_414543.1|	396	14	LAIISVVGDGMRTL
1928.22	gi|16127996|ref|NP_414543.1|	396	16	LAIISVVGDGMRTLRG
2059.40	gi|16127996|ref|NP_414543.1|	396	17	LAIISVVGDGMRTLRGI
2164.49	gi|16127996|ref|NP_414543.1|	396	18	LAIISVVGDGMRTLRGIS
2253.58	gi|16127996|ref|NP_414543.1|	396	19	LAIISVVGDGMRTLRGISA
2149.42	gi|16127996|ref|NP_414543.1|	87	16	LAQLKTFVDQEFAQIK
2189.40	gi|16127996|ref|NP_414543.1|	420	18	LARANINIVAIAQGSSER
2267.42	gi|16127996|ref|NP_414543.1|	155	18	LAVGHYLESTVDIAESTR
777.87	gi|16127996|ref|NP_414543.1|	390	6	LAVTER
2206.53	gi|16127996|ref|NP_414543.1|	390	18	LAVTERLAIISVVGDGMR
2047.24	gi|16127996|ref|NP_414543.1|	138	16	LEARGHNVTVIDPVEK
2080.35	gi|16127996|ref|NP_414543.1|	380	16	LELKEGLLEPLAVTER
1171.31	gi|16127996|ref|NP_414543.1|	387	9	LEPLAVTER
876.02	gi|16127996|ref|NP_414543.1|	481	6	LEQLKR
1477.63	gi|16127996|ref|NP_414543.1|	481	10	LEQLKRQQSW
778.82	gi|16127996|ref|NP_414543.1|	24	6	LESNAR
2264.46	gi|16127996|ref|NP_414543.1|	24	19	LESNARQGQVATVLSAPAK
1518.59	gi|16127996|ref|NP_414543.1|	161	12	LESTVDIAESTR
1692.79	gi|16127996|ref|NP_414543.1|	161	13	LESTVDIAESTRR
2281.45	gi|16127996|ref|NP_414543.1|	161	18	LESTVDIAESTRRIAASR
1940.06	gi|16127996|ref|NP_414543.1|	111	15	LGQCPDSINAALICR
2308.45	gi|16127996|ref|NP_414543.1|	111	18	LGQCPDSINAALICRGEK
2200.34	gi|16127996|ref|NP_414543.1|	202	18	LGRNGSDYSAAVLAACLR
983.09	gi|16127996|ref|NP_414543.1|	122	7	LICRGEK
705.81	gi|16127996|ref|NP_414543.1|	294	6	LIGASR
1775.92	gi|16127996|ref|NP_414543.1|	294	14	LIGASRDEDELPVK
2232.46	gi|16127996|ref|NP_414543.1|	281	19	LIKNTGNPQAPGTLIGASR
1802.05	gi|16127996|ref|NP_414543.1|	382	14	LKEGLLEPLAVTER
1565.69	gi|16127996|ref|NP_414543.1|	4	13	LKFGGTSVANAER
2036.26	gi|16127996|ref|NP_414543.1|	4	16	LKFGGTSVANAERFLR
1053.18	gi|16127996|ref|NP_414543.1|	484	7	LKRQQSW
2389.66	gi|16127996|ref|NP_414543.1|	246	18	LKSMSYQEAMELSYFGAK
1783.00	gi|16127996|ref|NP_414543.1|	90	13	LKTFVDQEFAQIK
698.81	gi|16127996|ref|NP_414543.1|	154	6	LLAVGH
880.01	gi|16127996|ref|NP_414543.1|	154	7	LLAVGHY
1011.18	gi|16127996|ref|NP_414543.1|	154	8	LLAVGHYL
1158.31	gi|16127996|ref|NP_414543.1|	154	9	LLAVGHYLE
1263.41	gi|16127996|ref|NP_414543.1|	154	10	LLAVGHYLES
1382.53	gi|16127996|ref|NP_414543.1|	154	11	LLAVGHYLEST
1499.67	gi|16127996|ref|NP_414543.1|	154	12	LLAVGHYLESTV
1632.78	gi|16127996|ref|NP_414543.1|	154	13	LLAVGHYLESTVD
1763.95	gi|16127996|ref|NP_414543.1|	154	14	LLAVGHYLESTVDI
1853.05	gi|16127996|ref|NP_414543.1|	154	15	LLAVGHYLESTVDIA
2000.18	gi|16127996|ref|NP_414543.1|	154	16	LLAVGHYLESTVDIAE
2105.27	gi|16127996|ref|NP_414543.1|	154	17	LLAVGHYLESTVDIAES
2224.39	gi|16127996|ref|NP_414543.1|	154	18	LLAVGHYLESTVDIAEST
1302.48	gi|16127996|ref|NP_414543.1|	386	10	LLEPLAVTER
832.99	gi|16127996|ref|NP_414543.1|	480	6	LLEQLK
1007.19	gi|16127996|ref|NP_414543.1|	480	7	LLEQLKR
1608.81	gi|16127996|ref|NP_414543.1|	480	11	LLEQLKRQQSW
2071.23	gi|16127996|ref|NP_414543.1|	110	16	LLGQCPDSINAALICR
767.93	gi|16127996|ref|NP_414543.1|	245	6	LLKSMS
949.12	gi|16127996|ref|NP_414543.1|	245	7	LLKSMSY
1095.27	gi|16127996|ref|NP_414543.1|	245	8	LLKSMSYQ
1242.40	gi|16127996|ref|NP_414543.1|	245	9	LLKSMSYQE
1331.50	gi|16127996|ref|NP_414543.1|	245	10	LLKSMSYQEA
1480.70	gi|16127996|ref|NP_414543.1|	245	11	LLKSMSYQEAM
1627.83	gi|16127996|ref|NP_414543.1|	245	12	LLKSMSYQEAME
1759.01	gi|16127996|ref|NP_414543.1|	245	13	LLKSMSYQEAMEL
1864.10	gi|16127996|ref|NP_414543.1|	245	14	LLKSMSYQEAMELS
2045.29	gi|16127996|ref|NP_414543.1|	245	15	LLKSMSYQEAMELSY
2210.49	gi|16127996|ref|NP_414543.1|	245	16	LLKSMSYQEAMELSYF
2285.55	gi|16127996|ref|NP_414543.1|	245	17	LLKSMSYQEAMELSYFG
2374.65	gi|16127996|ref|NP_414543.1|	245	18	LLKSMSYQEAMELSYFGA
2115.44	gi|16127996|ref|NP_414543.1|	74	18	LLTGLAAAQPGFPLAQLK
1318.46	gi|16127996|ref|NP_414543.1|	186	11	LMAGFTAGNEK
2286.57	gi|16127996|ref|NP_414543.1|	186	19	LMAGFTAGNEKGELVVLGR
1836.11	gi|16127996|ref|NP_414543.1|	312	15	LNNMAMFSVSGPGMK
1158.23	gi|16127996|ref|NP_414543.1|	61	9	LPNISDAER
852.00	gi|16127996|ref|NP_414543.1|	409	7	LRGISAK
1755.04	gi|16127996|ref|NP_414543.1|	409	14	LRGISAKFFAALAR
1554.71	gi|16127996|ref|NP_414543.1|	18	12	LRVADILESNAR
675.78	gi|16127996|ref|NP_414543.1|	37	6	LSAPAK
2124.47	gi|16127996|ref|NP_414543.1|	37	17	LSAPAKITNHLVAMIEK
893.00	gi|16127996|ref|NP_414543.1|	257	7	LSYFGAK
1585.82	gi|16127996|ref|NP_414543.1|	257	12	LSYFGAKVLHPR
1984.27	gi|16127996|ref|NP_414543.1|	75	17	LTGLAAAQPGFPLAQLK
911.12	gi|16127996|ref|NP_414543.1|	47	7	LVAMIEK
745.92	gi|16127996|ref|NP_414543.1|	199	6	LVVLGR
1390.63	gi|16127996|ref|NP_414543.1|	331	11	MAARVFAAMSR
1653.93	gi|16127996|ref|NP_414543.1|	331	13	MAARVFAAMSRAR
1187.28	gi|16127996|ref|NP_414543.1|	187	10	MAGFTAGNEK
2155.40	gi|16127996|ref|NP_414543.1|	187	18	MAGFTAGNEKGELVVLGR
972.12	gi|16127996|ref|NP_414543.1|	134	8	MAGVLEAR
1440.70	gi|16127996|ref|NP_414543.1|	315	12	MAMFSVSGPGMK
2358.79	gi|16127996|ref|NP_414543.1|	315	20	MAMFSVSGPGMKGMVGMAAR
1189.34	gi|16127996|ref|NP_414543.1|	255	9	MELSYFGAK
1882.15	gi|16127996|ref|NP_414543.1|	255	14	MELSYFGAKVLHPR
1202.40	gi|16127996|ref|NP_414543.1|	317	10	MFSVSGPGMK
2120.49	gi|16127996|ref|NP_414543.1|	317	18	MFSVSGPGMKGMVGMAAR
1213.49	gi|16127996|ref|NP_414543.1|	325	10	MKGMVGMAAR
2102.52	gi|16127996|ref|NP_414543.1|	325	17	MKGMVGMAARVFAAMSR
2365.82	gi|16127996|ref|NP_414543.1|	325	19	MKGMVGMAARVFAAMSRAR
944.11	gi|16127995|ref|NP_414542.1|	1	7	MKRISTT
1075.28	gi|16127995|ref|NP_414542.1|	1	8	MKRISTTI
1194.40	gi|16127995|ref|NP_414542.1|	1	9	MKRISTTIT
1313.52	gi|16127995|ref|NP_414542.1|	1	10	MKRISTTITT
1432.64	gi|16127995|ref|NP_414542.1|	1	11	MKRISTTITTT
1563.82	gi|16127995|ref|NP_414542.1|	1	12	MKRISTTITTTI
1682.94	gi|16127995|ref|NP_414542.1|	1	13	MKRISTTITTTIT
1814.11	gi|16127995|ref|NP_414542.1|	1	14	MKRISTTITTTITI
1933.23	gi|16127995|ref|NP_414542.1|	1	15	MKRISTTITTTITIT
2052.36	gi|16127995|ref|NP_414542.1|	1	16	MKRISTTITTTITITT
2127.42	gi|16127995|ref|NP_414542.1|	1	17	MKRISTTITTTITITTG
2259.54	gi|16127995|ref|NP_414542.1|	1	18	MKRISTTITTTITITTGN
2334.61	gi|16127995|ref|NP_414542.1|	1	19	MKRISTTITTTITITTGNG
1491.67	gi|16127996|ref|NP_414543.1|	374	10	MQEEFYLELK
1294.53	gi|16127996|ref|NP_414543.1|	406	10	MRTLRGISAK
2197.57	gi|16127996|ref|NP_414543.1|	406	17	MRTLRGISAKFFAALAR
958.18	gi|16127996|ref|NP_414543.1|	1	7	MRVLKFG
1033.25	gi|16127996|ref|NP_414543.1|	1	8	MRVLKFGG
1152.37	gi|16127996|ref|NP_414543.1|	1	9	MRVLKFGGT
1257.46	gi|16127996|ref|NP_414543.1|	1	10	MRVLKFGGTS
1374.61	gi|16127996|ref|NP_414543.1|	1	11	MRVLKFGGTSV
1463.70	gi|16127996|ref|NP_414543.1|	1	12	MRVLKFGGTSVA
1595.82	gi|16127996|ref|NP_414543.1|	1	13	MRVLKFGGTSVAN
1684.92	gi|16127996|ref|NP_414543.1|	1	14	MRVLKFGGTSVANA
1832.05	gi|16127996|ref|NP_414543.1|	1	15	MRVLKFGGTSVANAE
2171.44	gi|16127996|ref|NP_414543.1|	1	17	MRVLKFGGTSVANAERF
2302.62	gi|16127996|ref|NP_414543.1|	1	18	MRVLKFGGTSVANAERFL
754.95	gi|16127996|ref|NP_414543.1|	129	6	MSIAIM
844.05	gi|16127996|ref|NP_414543.1|	129	7	MSIAIMA
919.11	gi|16127996|ref|NP_414543.1|	129	8	MSIAIMAG
1036.26	gi|16127996|ref|NP_414543.1|	129	9	MSIAIMAGV
1167.44	gi|16127996|ref|NP_414543.1|	129	10	MSIAIMAGVL
1314.57	gi|16127996|ref|NP_414543.1|	129	11	MSIAIMAGVLE
1403.66	gi|16127996|ref|NP_414543.1|	129	12	MSIAIMAGVLEA
1652.93	gi|16127996|ref|NP_414543.1|	129	14	MSIAIMAGVLEARG
1808.09	gi|16127996|ref|NP_414543.1|	129	15	MSIAIMAGVLEARGH
1940.21	gi|16127996|ref|NP_414543.1|	129	16	MSIAIMAGVLEARGHN
2057.35	gi|16127996|ref|NP_414543.1|	129	17	MSIAIMAGVLEARGHNV
2176.48	gi|16127996|ref|NP_414543.1|	129	18	MSIAIMAGVLEARGHNVT
2293.62	gi|16127996|ref|NP_414543.1|	129	19	MSIAIMAGVLEARGHNVTV
2007.20	gi|16127996|ref|NP_414543.1|	249	15	MSYQEAMELSYFGAK
843.02	gi|16127996|ref|NP_414543.1|	328	7	MVGMAAR
1732.05	gi|16127996|ref|NP_414543.1|	328	14	MVGMAARVFAAMSR
1995.35	gi|16127996|ref|NP_414543.1|	328	16	MVGMAARVFAAMSRAR
1584.81	gi|16127996|ref|NP_414543.1|	184	13	MVLMAGFTAGNEK
925.01	gi|16127996|ref|NP_414543.1|	119	7	NAALICR
1293.40	gi|16127996|ref|NP_414543.1|	119	10	NAALICRGEK
1013.12	gi|16127996|ref|NP_414543.1|	13	7	NAERFLR
2262.45	gi|16127996|ref|NP_414543.1|	13	17	NAERFLRVADILESNAR
1881.06	gi|16127996|ref|NP_414543.1|	27	16	NARQGQVATVLSAPAK
1092.08	gi|16127996|ref|NP_414543.1|	445	9	NDDATTGVR
1393.55	gi|16127996|ref|NP_414543.1|	194	11	NEKGELVVLGR
731.67	gi|16127996|ref|NP_414543.1|	205	6	NGSDYS
820.76	gi|16127996|ref|NP_414543.1|	205	7	NGSDYSA
909.86	gi|16127996|ref|NP_414543.1|	205	8	NGSDYSAA
1027.00	gi|16127996|ref|NP_414543.1|	205	9	NGSDYSAAV
1158.18	gi|16127996|ref|NP_414543.1|	205	10	NGSDYSAAVL
1247.27	gi|16127996|ref|NP_414543.1|	205	11	NGSDYSAAVLA
1336.37	gi|16127996|ref|NP_414543.1|	205	12	NGSDYSAAVLAA
1514.52	gi|16127996|ref|NP_414543.1|	205	13	NGSDYSAAVLAAC
1645.70	gi|16127996|ref|NP_414543.1|	205	14	NGSDYSAAVLAACL
1908.99	gi|16127996|ref|NP_414543.1|	205	16	NGSDYSAAVLAACLRA
2042.10	gi|16127996|ref|NP_414543.1|	205	17	NGSDYSAAVLAACLRAD
2220.25	gi|16127996|ref|NP_414543.1|	205	18	NGSDYSAAVLAACLRADC
2398.41	gi|16127996|ref|NP_414543.1|	205	19	NGSDYSAAVLAACLRADCC
1198.40	gi|16127996|ref|NP_414543.1|	45	9	NHLVAMIEK
1705.83	gi|16127996|ref|NP_414543.1|	424	14	NINIVAIAQGSSER
911.92	gi|16127996|ref|NP_414543.1|	63	7	NISDAER
1442.54	gi|16127996|ref|NP_414543.1|	426	12	NIVAIAQGSSER
1968.23	gi|16127996|ref|NP_414543.1|	311	16	NLNNMAMFSVSGPGMK
1572.82	gi|16127996|ref|NP_414543.1|	314	13	NMAMFSVSGPGMK
1224.20	gi|16127996|ref|NP_414543.1|	444	10	NNDDATTGVR
1704.94	gi|16127996|ref|NP_414543.1|	313	14	NNMAMFSVSGPGMK
1497.62	gi|16127996|ref|NP_414543.1|	287	13	NPQAPGTLIGASR
719.70	gi|16127996|ref|NP_414543.1|	284	6	NTGNPQ
808.80	gi|16127996|ref|NP_414543.1|	284	7	NTGNPQA
923.93	gi|16127996|ref|NP_414543.1|	284	8	NTGNPQAP
999.00	gi|16127996|ref|NP_414543.1|	284	9	NTGNPQAPG
1118.12	gi|16127996|ref|NP_414543.1|	284	10	NTGNPQAPGT
1249.29	gi|16127996|ref|NP_414543.1|	284	11	NTGNPQAPGTL
1380.47	gi|16127996|ref|NP_414543.1|	284	12	NTGNPQAPGTLI
1455.53	gi|16127996|ref|NP_414543.1|	284	13	NTGNPQAPGTLIG
1544.63	gi|16127996|ref|NP_414543.1|	284	14	NTGNPQAPGTLIGA
1649.72	gi|16127996|ref|NP_414543.1|	284	15	NTGNPQAPGTLIGAS
1957.03	gi|16127996|ref|NP_414543.1|	284	17	NTGNPQAPGTLIGASRD
2104.16	gi|16127996|ref|NP_414543.1|	284	18	NTGNPQAPGTLIGASRDE
2237.26	gi|16127996|ref|NP_414543.1|	284	19	NTGNPQAPGTLIGASRDED
2384.39	gi|16127996|ref|NP_414543.1|	284	20	NTGNPQAPGTLIGASRDEDE
1275.41	gi|16127996|ref|NP_414543.1|	144	10	NVTVIDPVEK
2077.30	gi|16127996|ref|NP_414543.1|	180	17	PADHMVLMAGFTAGNEK
1799.11	gi|16127996|ref|NP_414543.1|	40	14	PAKITNHLVAMIEK
920.07	gi|16127996|ref|NP_414543.1|	241	7	PDARLLK
1409.52	gi|16127996|ref|NP_414543.1|	115	11	PDSINAALICR
1777.91	gi|16127996|ref|NP_414543.1|	115	14	PDSINAALICRGEK
1114.30	gi|16127996|ref|NP_414543.1|	83	9	PGFPLAQLK
1403.69	gi|16127996|ref|NP_414543.1|	323	12	PGMKGMVGMAAR
2292.72	gi|16127996|ref|NP_414543.1|	323	19	PGMKGMVGMAARVFAAMSR
1015.13	gi|16127996|ref|NP_414543.1|	291	9	PGTLIGASR
2085.24	gi|16127996|ref|NP_414543.1|	291	17	PGTLIGASRDEDELPVK
1625.88	gi|16127996|ref|NP_414543.1|	272	12	PIAQFQIPCLIK
758.91	gi|16127996|ref|NP_414543.1|	86	6	PLAQLK
2264.55	gi|16127996|ref|NP_414543.1|	86	17	PLAQLKTFVDQEFAQIK
893.00	gi|16127996|ref|NP_414543.1|	389	7	PLAVTER
2321.66	gi|16127996|ref|NP_414543.1|	389	19	PLAVTERLAIISVVGDGMR
1027.05	gi|16127996|ref|NP_414543.1|	62	8	PNISDAER
1365.50	gi|16127996|ref|NP_414543.1|	288	12	PQAPGTLIGASR
968.98	gi|16127996|ref|NP_414543.1|	363	7	PQSDCVR
1379.41	gi|16127996|ref|NP_414543.1|	363	10	PQSDCVRAER
1064.16	gi|16127996|ref|NP_414543.1|	237	8	PRQVPDAR
1472.70	gi|16127996|ref|NP_414543.1|	237	11	PRQVPDARLLK
2284.63	gi|16127996|ref|NP_414543.1|	267	17	PRTITPIAQFQIPCLIK
1250.37	gi|16127996|ref|NP_414543.1|	289	11	QAPGTLIGASR
2320.48	gi|16127996|ref|NP_414543.1|	289	19	QAPGTLIGASRDEDELPVK
1733.82	gi|16127996|ref|NP_414543.1|	113	13	QCPDSINAALICR
2102.21	gi|16127996|ref|NP_414543.1|	113	16	QCPDSINAALICRGEK
1526.57	gi|16127996|ref|NP_414543.1|	58	12	QDALPNISDAER
1571.71	gi|16127996|ref|NP_414543.1|	252	12	QEAMELSYFGAK
2264.53	gi|16127996|ref|NP_414543.1|	252	17	QEAMELSYFGAKVLHPR
1342.46	gi|16127996|ref|NP_414543.1|	375	9	QEEFYLELK
971.07	gi|16127996|ref|NP_414543.1|	96	7	QEFAQIK
1290.48	gi|16127996|ref|NP_414543.1|	275	9	QFQIPCLIK
692.72	gi|16127996|ref|NP_414543.1|	30	6	QGQVAT
809.87	gi|16127996|ref|NP_414543.1|	30	7	QGQVATV
941.04	gi|16127996|ref|NP_414543.1|	30	8	QGQVATVL
1046.14	gi|16127996|ref|NP_414543.1|	30	9	QGQVATVLS
1135.23	gi|16127996|ref|NP_414543.1|	30	10	QGQVATVLSA
1250.36	gi|16127996|ref|NP_414543.1|	30	11	QGQVATVLSAP
1339.46	gi|16127996|ref|NP_414543.1|	30	12	QGQVATVLSAPA
1616.82	gi|16127996|ref|NP_414543.1|	30	14	QGQVATVLSAPAKI
1735.94	gi|16127996|ref|NP_414543.1|	30	15	QGQVATVLSAPAKIT
1868.06	gi|16127996|ref|NP_414543.1|	30	16	QGQVATVLSAPAKITN
2023.22	gi|16127996|ref|NP_414543.1|	30	17	QGQVATVLSAPAKITNH
2154.39	gi|16127996|ref|NP_414543.1|	30	18	QGQVATVLSAPAKITNHL
2271.54	gi|16127996|ref|NP_414543.1|	30	19	QGQVATVLSAPAKITNHLV
2360.63	gi|16127996|ref|NP_414543.1|	30	20	QGQVATVLSAPAKITNHLVA
752.73	gi|16127996|ref|NP_414543.1|	432	6	QGSSER
979.15	gi|16127996|ref|NP_414543.1|	277	7	QIPCLIK
1199.33	gi|16127996|ref|NP_414543.1|	483	8	QLKRQQSW
1929.15	gi|16127996|ref|NP_414543.1|	89	14	QLKTFVDQEFAQIK
1260.45	gi|16127996|ref|NP_414543.1|	82	10	QPGFPLAQLK
853.85	gi|16127996|ref|NP_414543.1|	364	6	QSDCVR
1264.28	gi|16127996|ref|NP_414543.1|	364	9	QSDCVRAER
1264.43	gi|16127996|ref|NP_414543.1|	32	11	QVATVLSAPAK
906.00	gi|16127996|ref|NP_414543.1|	239	7	QVPDARL
1037.18	gi|16127996|ref|NP_414543.1|	239	8	QVPDARLL
1288.46	gi|16127996|ref|NP_414543.1|	239	10	QVPDARLLKS
1437.67	gi|16127996|ref|NP_414543.1|	239	11	QVPDARLLKSM
1542.76	gi|16127996|ref|NP_414543.1|	239	12	QVPDARLLKSMS
1723.95	gi|16127996|ref|NP_414543.1|	239	13	QVPDARLLKSMSY
1870.10	gi|16127996|ref|NP_414543.1|	239	14	QVPDARLLKSMSYQ
2017.23	gi|16127996|ref|NP_414543.1|	239	15	QVPDARLLKSMSYQE
2106.32	gi|16127996|ref|NP_414543.1|	239	16	QVPDARLLKSMSYQEA
2255.53	gi|16127996|ref|NP_414543.1|	239	17	QVPDARLLKSMSYQEAM
2165.39	gi|16127996|ref|NP_414543.1|	369	15	RAERAMQEEFYLELK
1754.97	gi|16127996|ref|NP_414543.1|	372	12	RAMQEEFYLELK
1969.13	gi|16127996|ref|NP_414543.1|	422	16	RANINIVAIAQGSSER
1244.32	gi|16127996|ref|NP_414543.1|	299	9	RDEDELPVK
1894.11	gi|16127996|ref|NP_414543.1|	16	14	RFLRVADILESNAR
2120.45	gi|16127996|ref|NP_414543.1|	125	17	RGEKMSIAIMAGVLEAR
1679.84	gi|16127996|ref|NP_414543.1|	141	13	RGHNVTVIDPVEK
720.82	gi|16127996|ref|NP_414543.1|	410	6	RGISAK
1623.87	gi|16127996|ref|NP_414543.1|	410	13	RGISAKFFAALAR
894.04	gi|16127996|ref|NP_414543.1|	173	7	RIAASRI
1009.17	gi|16127996|ref|NP_414543.1|	173	8	RIAASRIP
1098.26	gi|16127996|ref|NP_414543.1|	173	9	RIAASRIPA
1231.37	gi|16127996|ref|NP_414543.1|	173	10	RIAASRIPAD
1386.52	gi|16127996|ref|NP_414543.1|	173	11	RIAASRIPADH
1535.73	gi|16127996|ref|NP_414543.1|	173	12	RIAASRIPADHM
1652.88	gi|16127996|ref|NP_414543.1|	173	13	RIAASRIPADHMV
1784.05	gi|16127996|ref|NP_414543.1|	173	14	RIAASRIPADHMVL
1933.26	gi|16127996|ref|NP_414543.1|	173	15	RIAASRIPADHMVLM
2022.36	gi|16127996|ref|NP_414543.1|	173	16	RIAASRIPADHMVLMA
2097.42	gi|16127996|ref|NP_414543.1|	173	17	RIAASRIPADHMVLMAG
2262.61	gi|16127996|ref|NP_414543.1|	173	18	RIAASRIPADHMVLMAGF
2381.74	gi|16127996|ref|NP_414543.1|	173	19	RIAASRIPADHMVLMAGFT
2382.68	gi|16127996|ref|NP_414543.1|	178	19	RIPADHMVLMAGFTAGNEK
899.01	gi|16127995|ref|NP_414542.1|	3	7	RISTTIT
1018.13	gi|16127995|ref|NP_414542.1|	3	8	RISTTITT
1137.25	gi|16127995|ref|NP_414542.1|	3	9	RISTTITTT
1268.42	gi|16127995|ref|NP_414542.1|	3	10	RISTTITTTI
1387.54	gi|16127995|ref|NP_414542.1|	3	11	RISTTITTTIT
1518.72	gi|16127995|ref|NP_414542.1|	3	12	RISTTITTTITI
1637.84	gi|16127995|ref|NP_414542.1|	3	13	RISTTITTTITIT
1756.96	gi|16127995|ref|NP_414542.1|	3	14	RISTTITTTITITT
1832.03	gi|16127995|ref|NP_414542.1|	3	15	RISTTITTTITITTG
1964.14	gi|16127995|ref|NP_414542.1|	3	16	RISTTITTTITITTGN
2039.21	gi|16127995|ref|NP_414542.1|	3	17	RISTTITTTITITTGNG
2128.31	gi|16127995|ref|NP_414542.1|	3	18	RISTTITTTITITTGNGA
1602.86	gi|16127996|ref|NP_414543.1|	395	13	RLAIISVVGDGMR
2027.36	gi|16127996|ref|NP_414543.1|	395	16	RLAIISVVGDGMRTLR
1994.10	gi|16127996|ref|NP_414543.1|	204	16	RNGSDYSAAVLAACLR
1659.85	gi|16127996|ref|NP_414543.1|	29	14	RQGQVATVLSAPAK
949.03	gi|16127996|ref|NP_414543.1|	238	7	RQVPDAR
1357.57	gi|16127996|ref|NP_414543.1|	238	10	RQVPDARLLK
937.06	gi|16127996|ref|NP_414543.1|	172	7	RRIAASR
2091.21	gi|16127996|ref|NP_414543.1|	437	17	RSISVVVNNDDATTGVR
2169.50	gi|16127996|ref|NP_414543.1|	268	16	RTITPIAQFQIPCLIK
1145.32	gi|16127996|ref|NP_414543.1|	407	9	RTLRGISAK
2048.36	gi|16127996|ref|NP_414543.1|	407	16	RTLRGISAKFFAALAR
1423.54	gi|16127996|ref|NP_414543.1|	19	11	RVADILESNAR
1063.23	gi|16127996|ref|NP_414543.1|	334	8	RVFAAMSR
1326.53	gi|16127996|ref|NP_414543.1|	334	10	RVFAAMSRAR
1857.04	gi|16127996|ref|NP_414543.1|	2	15	RVLKFGGTSVANAER
2327.61	gi|16127996|ref|NP_414543.1|	2	18	RVLKFGGTSVANAERFLR
1193.32	gi|16127996|ref|NP_414543.1|	210	10	SAAVLAACLR
1243.42	gi|16127996|ref|NP_414543.1|	413	10	SAKFFAALAR
1993.29	gi|16127996|ref|NP_414543.1|	38	16	SAPAKITNHLVAMIEK
1118.13	gi|16127996|ref|NP_414543.1|	365	8	SDCVRAER
1612.71	gi|16127996|ref|NP_414543.1|	207	13	SDYSAAVLAACLR
2343.43	gi|16127996|ref|NP_414543.1|	435	19	SERSISVVVNNDDATTGVR
2204.25	gi|16127996|ref|NP_414543.1|	354	16	SEYSISFCVPQSDCVR
1534.57	gi|16127996|ref|NP_414543.1|	359	11	SFCVPQSDCVR
1945.00	gi|16127996|ref|NP_414543.1|	359	14	SFCVPQSDCVRAER
665.76	gi|16127996|ref|NP_414543.1|	321	6	SGPGMK
1583.85	gi|16127996|ref|NP_414543.1|	321	14	SGPGMKGMVGMAAR
1706.73	gi|16127996|ref|NP_414543.1|	56	14	SGQDALPNISDAER
1428.66	gi|16127996|ref|NP_414543.1|	130	12	SIAIMAGVLEAR
1161.28	gi|16127996|ref|NP_414543.1|	117	9	SINAALICR
1529.67	gi|16127996|ref|NP_414543.1|	117	12	SINAALICRGEK
1770.84	gi|16127996|ref|NP_414543.1|	357	13	SISFCVPQSDCVR
2181.26	gi|16127996|ref|NP_414543.1|	357	16	SISFCVPQSDCVRAER
692.81	gi|16127996|ref|NP_414543.1|	438	6	SISVVV
824.92	gi|16127996|ref|NP_414543.1|	438	7	SISVVVN
957.04	gi|16127996|ref|NP_414543.1|	438	8	SISVVVNN
1090.15	gi|16127996|ref|NP_414543.1|	438	9	SISVVVNND
1223.25	gi|16127996|ref|NP_414543.1|	438	10	SISVVVNNDD
1312.35	gi|16127996|ref|NP_414543.1|	438	11	SISVVVNNDDA
1431.47	gi|16127996|ref|NP_414543.1|	438	12	SISVVVNNDDAT
1550.59	gi|16127996|ref|NP_414543.1|	438	13	SISVVVNNDDATT
1625.65	gi|16127996|ref|NP_414543.1|	438	14	SISVVVNNDDATTG
1742.80	gi|16127996|ref|NP_414543.1|	438	15	SISVVVNNDDATTGV
2034.15	gi|16127996|ref|NP_414543.1|	438	17	SISVVVNNDDATTGVRV
2153.27	gi|16127996|ref|NP_414543.1|	438	18	SISVVVNNDDATTGVRVT
2308.43	gi|16127996|ref|NP_414543.1|	438	19	SISVVVNNDDATTGVRVTH
2176.33	gi|16127996|ref|NP_414543.1|	109	17	SLLGQCPDSINAALICR
833.86	gi|16127996|ref|NP_414543.1|	248	6	SMSYQE
922.96	gi|16127996|ref|NP_414543.1|	248	7	SMSYQEA
1072.17	gi|16127996|ref|NP_414543.1|	248	8	SMSYQEAM
1219.30	gi|16127996|ref|NP_414543.1|	248	9	SMSYQEAME
1350.47	gi|16127996|ref|NP_414543.1|	248	10	SMSYQEAMEL
1455.56	gi|16127996|ref|NP_414543.1|	248	11	SMSYQEAMELS
1636.76	gi|16127996|ref|NP_414543.1|	248	12	SMSYQEAMELSY
1801.95	gi|16127996|ref|NP_414543.1|	248	13	SMSYQEAMELSYF
1877.01	gi|16127996|ref|NP_414543.1|	248	14	SMSYQEAMELSYFG
1966.11	gi|16127996|ref|NP_414543.1|	248	15	SMSYQEAMELSYFGA
2229.45	gi|16127996|ref|NP_414543.1|	248	17	SMSYQEAMELSYFGAKV
2360.62	gi|16127996|ref|NP_414543.1|	248	18	SMSYQEAMELSYFGAKVL
1986.16	gi|16127996|ref|NP_414543.1|	26	17	SNARQGQVATVLSAPAK
2073.33	gi|16127996|ref|NP_414543.1|	310	17	SNLNNMAMFSVSGPGMK
1349.41	gi|16127996|ref|NP_414543.1|	298	10	SRDEDELPVK
2309.34	gi|16127996|ref|NP_414543.1|	353	17	SSEYSISFCVPQSDCVR
1161.28	gi|16127996|ref|NP_414543.1|	170	9	STRRIAASR
1898.00	gi|16127995|ref|NP_414542.1|	5	17	STTITTTITITTGNGAG
1240.28	gi|16127996|ref|NP_414543.1|	163	10	STVDIAESTR
1414.48	gi|16127996|ref|NP_414543.1|	163	11	STVDIAESTRR
2003.14	gi|16127996|ref|NP_414543.1|	163	16	STVDIAESTRRIAASR
853.88	gi|16127996|ref|NP_414543.1|	10	7	SVANAER
1324.45	gi|16127996|ref|NP_414543.1|	10	10	SVANAERFLR
888.00	gi|16127996|ref|NP_414543.1|	319	8	SVSGPGMK
1806.09	gi|16127996|ref|NP_414543.1|	319	16	SVSGPGMKGMVGMAAR
946.04	gi|16127996|ref|NP_414543.1|	400	8	SVVGDGMR
1370.54	gi|16127996|ref|NP_414543.1|	400	11	SVVGDGMRTLR
1917.16	gi|16127996|ref|NP_414543.1|	400	16	SVVGDGMRTLRGISAK
1680.74	gi|16127996|ref|NP_414543.1|	440	14	SVVVNNDDATTGVR
761.83	gi|16127996|ref|NP_414543.1|	258	6	SYFGAK
1454.64	gi|16127996|ref|NP_414543.1|	258	11	SYFGAKVLHPR
1858.00	gi|16127996|ref|NP_414543.1|	250	14	SYQEAMELSYFGAK
708.72	gi|16127996|ref|NP_414543.1|	191	6	TAGNEK
1676.83	gi|16127996|ref|NP_414543.1|	191	14	TAGNEKGELVVLGR
1494.54	gi|16127996|ref|NP_414543.1|	234	11	TCDPRQVPDAR
1903.08	gi|16127996|ref|NP_414543.1|	234	14	TCDPRQVPDARLLK
1595.60	gi|16127996|ref|NP_414543.1|	227	12	TDVDGVYTCDPR
2370.42	gi|16127996|ref|NP_414543.1|	227	18	TDVDGVYTCDPRQVPDAR
1869.11	gi|16127996|ref|NP_414543.1|	393	15	TERLAIISVVGDGMR
2293.61	gi|16127996|ref|NP_414543.1|	393	18	TERLAIISVVGDGMRTLR
827.84	gi|16127996|ref|NP_414543.1|	92	6	TFVDQE
993.03	gi|16127996|ref|NP_414543.1|	92	7	TFVDQEF
1082.13	gi|16127996|ref|NP_414543.1|	92	8	TFVDQEFA
1228.27	gi|16127996|ref|NP_414543.1|	92	9	TFVDQEFAQ
1359.45	gi|16127996|ref|NP_414543.1|	92	10	TFVDQEFAQI
1660.79	gi|16127996|ref|NP_414543.1|	92	12	TFVDQEFAQIKH
1777.94	gi|16127996|ref|NP_414543.1|	92	13	TFVDQEFAQIKHV
1909.12	gi|16127996|ref|NP_414543.1|	92	14	TFVDQEFAQIKHVL
2064.27	gi|16127996|ref|NP_414543.1|	92	15	TFVDQEFAQIKHVLH
2139.34	gi|16127996|ref|NP_414543.1|	92	16	TFVDQEFAQIKHVLHG
2270.51	gi|16127996|ref|NP_414543.1|	92	17	TFVDQEFAQIKHVLHGI
2375.61	gi|16127996|ref|NP_414543.1|	92	18	TFVDQEFAQIKHVLHGIS
1853.09	gi|16127996|ref|NP_414543.1|	76	16	TGLAAAQPGFPLAQLK
565.54	gi|16127995|ref|NP_414542.1|	16	6	TGNGAG
1691.81	gi|16127996|ref|NP_414543.1|	285	15	TGNPQAPGTLIGASR
709.71	gi|16127996|ref|NP_414543.1|	54	6	TISGQD
798.80	gi|16127996|ref|NP_414543.1|	54	7	TISGQDA
929.97	gi|16127996|ref|NP_414543.1|	54	8	TISGQDAL
1045.11	gi|16127996|ref|NP_414543.1|	54	9	TISGQDALP
1177.23	gi|16127996|ref|NP_414543.1|	54	10	TISGQDALPN
1308.40	gi|16127996|ref|NP_414543.1|	54	11	TISGQDALPNI
1413.49	gi|16127996|ref|NP_414543.1|	54	12	TISGQDALPNIS
1546.60	gi|16127996|ref|NP_414543.1|	54	13	TISGQDALPNISD
1635.69	gi|16127996|ref|NP_414543.1|	54	14	TISGQDALPNISDA
1782.82	gi|16127996|ref|NP_414543.1|	54	15	TISGQDALPNISDAE
2088.20	gi|16127996|ref|NP_414543.1|	54	17	TISGQDALPNISDAERI
2253.39	gi|16127996|ref|NP_414543.1|	54	18	TISGQDALPNISDAERIF
2342.49	gi|16127996|ref|NP_414543.1|	54	19	TISGQDALPNISDAERIFA
1185.25	gi|16127995|ref|NP_414542.1|	11	11	TITITTGNGAG
704.82	gi|16127996|ref|NP_414543.1|	269	6	TITPIA
850.96	gi|16127996|ref|NP_414543.1|	269	7	TITPIAQ
1016.15	gi|16127996|ref|NP_414543.1|	269	8	TITPIAQF
1162.30	gi|16127996|ref|NP_414543.1|	269	9	TITPIAQFQ
1293.47	gi|16127996|ref|NP_414543.1|	269	10	TITPIAQFQI
1408.61	gi|16127996|ref|NP_414543.1|	269	11	TITPIAQFQIP
1586.76	gi|16127996|ref|NP_414543.1|	269	12	TITPIAQFQIPC
1717.94	gi|16127996|ref|NP_414543.1|	269	13	TITPIAQFQIPCL
1849.11	gi|16127996|ref|NP_414543.1|	269	14	TITPIAQFQIPCLI
2127.42	gi|16127996|ref|NP_414543.1|	269	16	TITPIAQFQIPCLIKN
2246.54	gi|16127996|ref|NP_414543.1|	269	17	TITPIAQFQIPCLIKNT
2321.61	gi|16127996|ref|NP_414543.1|	269	18	TITPIAQFQIPCLIKNTG
934.95	gi|16127995|ref|NP_414542.1|	13	9	TITTGNGAG
1673.78	gi|16127995|ref|NP_414542.1|	7	15	TITTTITITTGNGAG
824.93	gi|16127996|ref|NP_414543.1|	293	7	TLIGASR
1895.04	gi|16127996|ref|NP_414543.1|	293	15	TLIGASRDEDELPVK
735.83	gi|16127996|ref|NP_414543.1|	408	6	TLRGIS
824.93	gi|16127996|ref|NP_414543.1|	408	7	TLRGISA
1136.31	gi|16127996|ref|NP_414543.1|	408	9	TLRGISAKF
1301.50	gi|16127996|ref|NP_414543.1|	408	10	TLRGISAKFF
1390.59	gi|16127996|ref|NP_414543.1|	408	11	TLRGISAKFFA
1479.69	gi|16127996|ref|NP_414543.1|	408	12	TLRGISAKFFAA
1610.86	gi|16127996|ref|NP_414543.1|	408	13	TLRGISAKFFAAL
1699.96	gi|16127996|ref|NP_414543.1|	408	14	TLRGISAKFFAALA
1963.25	gi|16127996|ref|NP_414543.1|	408	16	TLRGISAKFFAALARA
2095.37	gi|16127996|ref|NP_414543.1|	408	17	TLRGISAKFFAALARAN
2226.55	gi|16127996|ref|NP_414543.1|	408	18	TLRGISAKFFAALARANI
2358.67	gi|16127996|ref|NP_414543.1|	408	19	TLRGISAKFFAALARANIN
1317.52	gi|16127996|ref|NP_414543.1|	44	10	TNHLVAMIEK
1745.00	gi|16127996|ref|NP_414543.1|	271	13	TPIAQFQIPCLIK
1056.19	gi|16127996|ref|NP_414543.1|	171	8	TRRIAASR
973.00	gi|16127996|ref|NP_414543.1|	9	8	TSVANAER
1443.57	gi|16127996|ref|NP_414543.1|	9	11	TSVANAERFLR
684.66	gi|16127995|ref|NP_414542.1|	15	7	TTGNGAG
1304.37	gi|16127995|ref|NP_414542.1|	10	12	TTITITTGNGAG
1792.90	gi|16127995|ref|NP_414542.1|	6	16	TTITTTITITTGNGAG
1423.49	gi|16127995|ref|NP_414542.1|	9	13	TTTITITTGNGAG
1135.19	gi|16127996|ref|NP_414543.1|	164	9	TVDIAESTR
1309.39	gi|16127996|ref|NP_414543.1|	164	10	TVDIAESTRR
1898.05	gi|16127996|ref|NP_414543.1|	164	15	TVDIAESTRRIAASR
1026.15	gi|16127996|ref|NP_414543.1|	146	8	TVIDPVEK
912.05	gi|16127996|ref|NP_414543.1|	35	8	TVLSAPAK
2360.74	gi|16127996|ref|NP_414543.1|	35	19	TVLSAPAKITNHLVAMIEK
748.83	gi|16127996|ref|NP_414543.1|	20	6	VADILE
853.92	gi|16127996|ref|NP_414543.1|	20	7	VADILES
986.04	gi|16127996|ref|NP_414543.1|	20	8	VADILESN
1075.13	gi|16127996|ref|NP_414543.1|	20	9	VADILESNA
1395.48	gi|16127996|ref|NP_414543.1|	20	11	VADILESNARQ
1470.55	gi|16127996|ref|NP_414543.1|	20	12	VADILESNARQG
1616.69	gi|16127996|ref|NP_414543.1|	20	13	VADILESNARQGQ
1733.84	gi|16127996|ref|NP_414543.1|	20	14	VADILESNARQGQV
1822.94	gi|16127996|ref|NP_414543.1|	20	15	VADILESNARQGQVA
1942.06	gi|16127996|ref|NP_414543.1|	20	16	VADILESNARQGQVAT
2059.20	gi|16127996|ref|NP_414543.1|	20	17	VADILESNARQGQVATV
2190.38	gi|16127996|ref|NP_414543.1|	20	18	VADILESNARQGQVATVL
2295.47	gi|16127996|ref|NP_414543.1|	20	19	VADILESNARQGQVATVLS
2384.57	gi|16127996|ref|NP_414543.1|	20	20	VADILESNARQGQVATVLSA
1179.24	gi|16127996|ref|NP_414543.1|	428	10	VAIAQGSSER
779.94	gi|16127996|ref|NP_414543.1|	48	6	VAMIEK
748.79	gi|16127996|ref|NP_414543.1|	11	6	VANAER
1219.36	gi|16127996|ref|NP_414543.1|	11	9	VANAERFLR
1118.29	gi|16127996|ref|NP_414543.1|	33	10	VATVLSAPAK
1343.37	gi|16127996|ref|NP_414543.1|	229	10	VDGVYTCDPR
2118.20	gi|16127996|ref|NP_414543.1|	229	16	VDGVYTCDPRQVPDAR
1016.07	gi|16127996|ref|NP_414543.1|	165	8	VDIAESTR
1190.27	gi|16127996|ref|NP_414543.1|	165	9	VDIAESTRR
1778.93	gi|16127996|ref|NP_414543.1|	165	14	VDIAESTRRIAASR
1221.32	gi|16127996|ref|NP_414543.1|	94	9	VDQEFAQIK
714.83	gi|16127996|ref|NP_414543.1|	335	6	VFAAMS
978.13	gi|16127996|ref|NP_414543.1|	335	8	VFAAMSRA
1283.50	gi|16127996|ref|NP_414543.1|	335	10	VFAAMSRARI
1388.60	gi|16127996|ref|NP_414543.1|	335	11	VFAAMSRARIS
1505.75	gi|16127996|ref|NP_414543.1|	335	12	VFAAMSRARISV
1622.89	gi|16127996|ref|NP_414543.1|	335	13	VFAAMSRARISVV
1754.07	gi|16127996|ref|NP_414543.1|	335	14	VFAAMSRARISVVL
1885.24	gi|16127996|ref|NP_414543.1|	335	15	VFAAMSRARISVVLI
2004.36	gi|16127996|ref|NP_414543.1|	335	16	VFAAMSRARISVVLIT
2150.51	gi|16127996|ref|NP_414543.1|	335	17	VFAAMSRARISVVLITQ
2255.60	gi|16127996|ref|NP_414543.1|	335	18	VFAAMSRARISVVLITQS
2360.70	gi|16127996|ref|NP_414543.1|	335	19	VFAAMSRARISVVLITQSS
2062.38	gi|16127996|ref|NP_414543.1|	468	18	VFVIGVGGVGGALLEQLK
2236.58	gi|16127996|ref|NP_414543.1|	468	19	VFVIGVGGVGGALLEQLKR
723.80	gi|16127996|ref|NP_414543.1|	402	6	VGDGMR
1148.29	gi|16127996|ref|NP_414543.1|	402	9	VGDGMRTLR
1694.91	gi|16127996|ref|NP_414543.1|	402	14	VGDGMRTLRGISAK
1189.37	gi|16127996|ref|NP_414543.1|	476	10	VGGALLEQLK
1363.57	gi|16127996|ref|NP_414543.1|	476	11	VGGALLEQLKR
1965.18	gi|16127996|ref|NP_414543.1|	476	15	VGGALLEQLKRQQSW
1456.65	gi|16127996|ref|NP_414543.1|	473	13	VGGVGGALLEQLK
1630.85	gi|16127996|ref|NP_414543.1|	473	14	VGGVGGALLEQLKR
2232.47	gi|16127996|ref|NP_414543.1|	473	18	VGGVGGALLEQLKRQQSW
2047.15	gi|16127996|ref|NP_414543.1|	157	16	VGHYLESTVDIAESTR
2221.35	gi|16127996|ref|NP_414543.1|	157	17	VGHYLESTVDIAESTRR
693.81	gi|16127996|ref|NP_414543.1|	329	6	VGMAAR
1582.85	gi|16127996|ref|NP_414543.1|	329	13	VGMAARVFAAMSR
1846.14	gi|16127996|ref|NP_414543.1|	329	15	VGMAARVFAAMSRAR
907.03	gi|16127996|ref|NP_414543.1|	147	7	VIDPVEK
1780.04	gi|16127996|ref|NP_414543.1|	470	16	VIGVGGVGGALLEQLK
1954.24	gi|16127996|ref|NP_414543.1|	470	17	VIGVGGVGGALLEQLKR
910.04	gi|16127996|ref|NP_414543.1|	213	7	VLAACLR
2164.39	gi|16127996|ref|NP_414543.1|	137	17	VLEARGHNVTVIDPVEK
2317.49	gi|16127996|ref|NP_414543.1|	201	19	VLGRNGSDYSAAVLAACLR
811.93	gi|16127996|ref|NP_414543.1|	264	6	VLHPRT
943.11	gi|16127996|ref|NP_414543.1|	264	7	VLHPRTI
1062.23	gi|16127996|ref|NP_414543.1|	264	8	VLHPRTIT
1177.36	gi|16127996|ref|NP_414543.1|	264	9	VLHPRTITP
1308.54	gi|16127996|ref|NP_414543.1|	264	10	VLHPRTITPI
1397.63	gi|16127996|ref|NP_414543.1|	264	11	VLHPRTITPIA
1543.78	gi|16127996|ref|NP_414543.1|	264	12	VLHPRTITPIAQ
1708.97	gi|16127996|ref|NP_414543.1|	264	13	VLHPRTITPIAQF
1855.11	gi|16127996|ref|NP_414543.1|	264	14	VLHPRTITPIAQFQ
1986.29	gi|16127996|ref|NP_414543.1|	264	15	VLHPRTITPIAQFQI
2101.42	gi|16127996|ref|NP_414543.1|	264	16	VLHPRTITPIAQFQIP
2279.57	gi|16127996|ref|NP_414543.1|	264	17	VLHPRTITPIAQFQIPC
828.96	gi|16127996|ref|NP_414543.1|	3	7	VLKFGGT
934.05	gi|16127996|ref|NP_414543.1|	3	8	VLKFGGTS
1051.20	gi|16127996|ref|NP_414543.1|	3	9	VLKFGGTSV
1140.29	gi|16127996|ref|NP_414543.1|	3	10	VLKFGGTSVA
1272.41	gi|16127996|ref|NP_414543.1|	3	11	VLKFGGTSVAN
1361.51	gi|16127996|ref|NP_414543.1|	3	12	VLKFGGTSVANA
1508.64	gi|16127996|ref|NP_414543.1|	3	13	VLKFGGTSVANAE
1848.03	gi|16127996|ref|NP_414543.1|	3	15	VLKFGGTSVANAERF
1979.21	gi|16127996|ref|NP_414543.1|	3	16	VLKFGGTSVANAERFL
2270.56	gi|16127996|ref|NP_414543.1|	3	18	VLKFGGTSVANAERFLRV
2359.65	gi|16127996|ref|NP_414543.1|	3	19	VLKFGGTSVANAERFLRVA
1435.60	gi|16127996|ref|NP_414543.1|	185	12	VLMAGFTAGNEK
792.93	gi|16127996|ref|NP_414543.1|	36	7	VLSAPAK
2241.62	gi|16127996|ref|NP_414543.1|	36	18	VLSAPAKITNHLVAMIEK
1341.35	gi|16127996|ref|NP_414543.1|	443	11	VNNDDATTGVR
1037.22	gi|16127996|ref|NP_414543.1|	240	8	VPDARLLK
1086.13	gi|16127996|ref|NP_414543.1|	362	8	VPQSDCVR
1496.56	gi|16127996|ref|NP_414543.1|	362	11	VPQSDCVRAER
2282.54	gi|16127996|ref|NP_414543.1|	368	16	VRAERAMQEEFYLELK
782.91	gi|16127996|ref|NP_414543.1|	320	7	VSGPGMK
1700.99	gi|16127996|ref|NP_414543.1|	320	15	VSGPGMKGMVGMAAR
1986.26	gi|16127996|ref|NP_414543.1|	392	16	VTERLAIISVVGDGMR
817.95	gi|16127996|ref|NP_414543.1|	454	6	VTHQML
983.15	gi|16127996|ref|NP_414543.1|	454	7	VTHQMLF
1115.26	gi|16127996|ref|NP_414543.1|	454	8	VTHQMLFN
1234.38	gi|16127996|ref|NP_414543.1|	454	9	VTHQMLFNT
1367.49	gi|16127996|ref|NP_414543.1|	454	10	VTHQMLFNTD
1513.63	gi|16127996|ref|NP_414543.1|	454	11	VTHQMLFNTDQ
1630.78	gi|16127996|ref|NP_414543.1|	454	12	VTHQMLFNTDQV
1761.96	gi|16127996|ref|NP_414543.1|	454	13	VTHQMLFNTDQVI
1909.09	gi|16127996|ref|NP_414543.1|	454	14	VTHQMLFNTDQVIE
2026.24	gi|16127996|ref|NP_414543.1|	454	15	VTHQMLFNTDQVIEV
2191.43	gi|16127996|ref|NP_414543.1|	454	16	VTHQMLFNTDQVIEVF
2308.58	gi|16127996|ref|NP_414543.1|	454	17	VTHQMLFNTDQVIEVFV
1143.29	gi|16127996|ref|NP_414543.1|	145	9	VTVIDPVEK
840.94	gi|16127996|ref|NP_414543.1|	401	7	VVGDGMR
1265.44	gi|16127996|ref|NP_414543.1|	401	10	VVGDGMRTLR
1812.06	gi|16127996|ref|NP_414543.1|	401	15	VVGDGMRTLRGISAK
1458.49	gi|16127996|ref|NP_414543.1|	442	12	VVNNDDATTGVR
1575.64	gi|16127996|ref|NP_414543.1|	441	13	VVVNNDDATTGVR
1018.05	gi|16127996|ref|NP_414543.1|	232	7	VYTCDPR
1792.88	gi|16127996|ref|NP_414543.1|	232	13	VYTCDPRQVPDAR
2201.42	gi|16127996|ref|NP_414543.1|	232	16	VYTCDPRQVPDARLLK
1799.82	gi|16127996|ref|NP_414543.1|	226	13	WTDVDGVYTCDPR
1349.55	gi|16127996|ref|NP_414543.1|	259	10	YFGAKVLHPR
2261.54	gi|16127996|ref|NP_414543.1|	379	17	YLELKEGLLEPLAVTER
1699.78	gi|16127996|ref|NP_414543.1|	160	13	YLESTVDIAESTR
1873.98	gi|16127996|ref|NP_414543.1|	160	14	YLESTVDIAESTRR
1752.90	gi|16127996|ref|NP_414543.1|	251	13	YQEAMELSYFGAK
1374.52	gi|16127996|ref|NP_414543.1|	209	11	YSAAVLAACLR
1952.03	gi|16127996|ref|NP_414543.1|	356	14	YSISFCVPQSDCVR
2362.45	gi|16127996|ref|NP_414543.1|	356	17	YSISFCVPQSDCVRAER
900.90	gi|16127996|ref|NP_414543.1|	233	6	YTCDPR
1675.73	gi|16127996|ref|NP_414543.1|	233	12	YTCDPRQVPDAR
2084.27	gi|16127996|ref|NP_414543.1|	233	15	YTCDPRQVPDARLLK
