# PROTEIN DATABASE: test.fasta
# OPTIONS:
	min-mass: 200.00
	max-mass: 2400.00
	min-length: 6
	max-length: 50
	cleavages: tryptic
	allow mis-cleavages: FALSE
	sort: none (needs to be implemented)
1704.89	gi|16127995|ref|NP_414542.1|	4	18
666.73	gi|16127996|ref|NP_414543.1|	239	6
762.93	gi|16127996|ref|NP_414543.1|	335	7
776.94	gi|16127996|ref|NP_414543.1|	416	7
823.99	gi|16127996|ref|NP_414543.1|	197	8
925.99	gi|16127996|ref|NP_414543.1|	300	8
773.97	gi|16127996|ref|NP_414543.1|	327	8
1069.18	gi|16127996|ref|NP_414543.1|	20	10
1090.16	gi|16127996|ref|NP_414543.1|	6	11
1250.52	gi|16127996|ref|NP_414543.1|	43	11
1307.47	gi|16127996|ref|NP_414543.1|	92	11
1382.59	gi|16127996|ref|NP_414543.1|	373	11
1289.45	gi|16127996|ref|NP_414543.1|	142	12
1308.50	gi|16127996|ref|NP_414543.1|	384	12
1212.47	gi|16127996|ref|NP_414543.1|	396	12
1251.45	gi|16127996|ref|NP_414543.1|	30	13
1343.67	gi|16127996|ref|NP_414543.1|	129	13
1492.67	gi|16127996|ref|NP_414543.1|	205	15
1668.07	gi|16127996|ref|NP_414543.1|	269	15
1524.70	gi|16127996|ref|NP_414543.1|	423	15
1668.78	gi|16127996|ref|NP_414543.1|	54	16
1824.05	gi|16127996|ref|NP_414543.1|	248	16
1535.68	gi|16127996|ref|NP_414543.1|	284	16
1628.76	gi|16127996|ref|NP_414543.1|	438	16
1884.20	gi|16127996|ref|NP_414543.1|	179	18
2056.30	gi|16127996|ref|NP_414543.1|	154	19
2143.35	gi|16127996|ref|NP_414543.1|	220	19
1937.28	gi|16127996|ref|NP_414543.1|	308	19
2251.70	gi|16127996|ref|NP_414543.1|	70	22
