# PROTEIN DATABASE: test.fasta
# OPTIONS:
#	min-mass: 200.00
#	max-mass: 2400.00
#	min-length: 6
#	max-length: 50
#	cleavages: tryptic
#	allow missed-cleavages: FALSE
#	sort: none
#	isotopic mass type: average
#	verbosity: 100
#	redundancy: redundant
2029.17	gi|16127995|ref|NP_414542.1|	4	18	ISTTITTTITITTGNGAG
774.83	gi|16127996|ref|NP_414543.1|	239	6	QVPDAR
889.03	gi|16127996|ref|NP_414543.1|	335	7	VFAAMSR
903.04	gi|16127996|ref|NP_414543.1|	416	7	FFAALAR
968.11	gi|16127996|ref|NP_414543.1|	197	8	GELVVLGR
1070.11	gi|16127996|ref|NP_414543.1|	300	8	DEDELPVK
918.09	gi|16127996|ref|NP_414543.1|	327	8	GMVGMAAR
1249.34	gi|16127996|ref|NP_414543.1|	20	10	VADILESNAR
1288.33	gi|16127996|ref|NP_414543.1|	6	11	FGGTSVANAER
1448.69	gi|16127996|ref|NP_414543.1|	43	11	ITNHLVAMIEK
1505.64	gi|16127996|ref|NP_414543.1|	92	11	TFVDQEFAQIK
1580.76	gi|16127996|ref|NP_414543.1|	373	11	AMQEEFYLELK
1505.64	gi|16127996|ref|NP_414543.1|	142	12	GHNVTVIDPVEK
1524.68	gi|16127996|ref|NP_414543.1|	384	12	EGLLEPLAVTER
1428.66	gi|16127996|ref|NP_414543.1|	396	12	LAIISVVGDGMR
1485.65	gi|16127996|ref|NP_414543.1|	30	13	QGQVATVLSAPAK
1577.86	gi|16127996|ref|NP_414543.1|	129	13	MSIAIMAGVLEAR
1819.90	gi|16127996|ref|NP_414543.1|	205	15	NGSDYSAAVLAACLR
1995.30	gi|16127996|ref|NP_414543.1|	269	15	TITPIAQFQIPCLIK
1794.93	gi|16127996|ref|NP_414543.1|	423	15	ANINIVAIAQGSSER
1957.03	gi|16127996|ref|NP_414543.1|	54	16	TISGQDALPNISDAER
2112.30	gi|16127996|ref|NP_414543.1|	248	16	SMSYQEAMELSYFGAK
1823.92	gi|16127996|ref|NP_414543.1|	284	16	NTGNPQAPGTLIGASR
1917.00	gi|16127996|ref|NP_414543.1|	438	16	SISVVVNNDDATTGVR
2208.47	gi|16127996|ref|NP_414543.1|	179	18	IPADHMVLMAGFTAGNEK
2398.59	gi|16127996|ref|NP_414543.1|	154	19	LLAVGHYLESTVDIAESTR
2279.57	gi|16127996|ref|NP_414543.1|	308	19	GISNLNNMAMFSVSGPGMK
