# PROTEIN DATABASE: test.fasta
# OPTIONS:
#	min-mass: 200.00
#	max-mass: 7200.00
#	min-length: 6
#	max-length: 50
#	cleavages: tryptic
#	allow missed-cleavages: FALSE
#	sort: none
#	isotopic mass type: average
#	verbosity: 30
#	use index: FALSE
1722.91	gi|16127995|ref|NP_414542.1|	4	18
684.75	gi|16127996|ref|NP_414543.1|	239	6
780.94	gi|16127996|ref|NP_414543.1|	335	7
794.95	gi|16127996|ref|NP_414543.1|	416	7
842.01	gi|16127996|ref|NP_414543.1|	197	8
944.01	gi|16127996|ref|NP_414543.1|	300	8
791.98	gi|16127996|ref|NP_414543.1|	327	8
1087.20	gi|16127996|ref|NP_414543.1|	20	10
1108.18	gi|16127996|ref|NP_414543.1|	6	11
1268.54	gi|16127996|ref|NP_414543.1|	43	11
1325.48	gi|16127996|ref|NP_414543.1|	92	11
1400.61	gi|16127996|ref|NP_414543.1|	373	11
1307.47	gi|16127996|ref|NP_414543.1|	142	12
1326.51	gi|16127996|ref|NP_414543.1|	384	12
1230.49	gi|16127996|ref|NP_414543.1|	396	12
1269.46	gi|16127996|ref|NP_414543.1|	30	13
1361.68	gi|16127996|ref|NP_414543.1|	129	13
1567.68	gi|16127996|ref|NP_414543.1|	205	15
1743.09	gi|16127996|ref|NP_414543.1|	269	15
1542.71	gi|16127996|ref|NP_414543.1|	423	15
1686.80	gi|16127996|ref|NP_414543.1|	54	16
1842.07	gi|16127996|ref|NP_414543.1|	248	16
1553.70	gi|16127996|ref|NP_414543.1|	284	16
1646.77	gi|16127996|ref|NP_414543.1|	438	16
1902.21	gi|16127996|ref|NP_414543.1|	179	18
2074.32	gi|16127996|ref|NP_414543.1|	154	19
2332.36	gi|16127996|ref|NP_414543.1|	220	19
1955.29	gi|16127996|ref|NP_414543.1|	308	19
2269.71	gi|16127996|ref|NP_414543.1|	70	22
2544.87	gi|16127996|ref|NP_414543.1|	103	23
2962.24	gi|16127996|ref|NP_414543.1|	344	26
3412.99	gi|16127996|ref|NP_414543.1|	454	32
659.78	gi|6381999|ref|NP_009311.2|	140	6
862.94	gi|6381999|ref|NP_009311.2|	171	6
826.87	gi|6381999|ref|NP_009311.2|	177	6
774.87	gi|6381999|ref|NP_009311.2|	220	6
587.72	gi|6381999|ref|NP_009311.2|	247	6
758.79	gi|6381999|ref|NP_009311.2|	335	6
865.00	gi|6381999|ref|NP_009311.2|	65	7
738.89	gi|6381999|ref|NP_009311.2|	128	7
852.03	gi|6381999|ref|NP_009311.2|	328	7
889.92	gi|6381999|ref|NP_009311.2|	348	7
1001.15	gi|6381999|ref|NP_009311.2|	226	8
1079.26	gi|6381999|ref|NP_009311.2|	234	9
973.09	gi|6381999|ref|NP_009311.2|	257	9
1060.32	gi|6381999|ref|NP_009311.2|	319	9
1287.35	gi|6381999|ref|NP_009311.2|	79	10
1471.65	gi|6381999|ref|NP_009311.2|	153	12
1464.81	gi|6381999|ref|NP_009311.2|	292	12
1413.80	gi|6381999|ref|NP_009311.2|	307	12
1566.07	gi|6381999|ref|NP_009311.2|	1	13
1956.24	gi|6381999|ref|NP_009311.2|	49	16
1925.08	gi|6381999|ref|NP_009311.2|	89	17
2219.54	gi|6381999|ref|NP_009311.2|	271	18
2705.03	gi|6381999|ref|NP_009311.2|	106	22
3060.32	gi|6381999|ref|NP_009311.2|	192	26
3715.40	gi|6381999|ref|NP_009311.2|	14	32
849.06	gi|6382000|ref|NP_009314.2|	41	6
1495.82	gi|6382000|ref|NP_009314.2|	29	12
2610.32	gi|6382000|ref|NP_009314.2|	1	20
