# PEPTIDE: IAMASEQ
# CHARGE: 2
# MAX-ION-CHRAGE: peptide
# NH3 modification: 0
# H2O modification: 0
# ISOTOPE modification: 0
# FLANK modification: 0
m/z	mass	charge	ion-series	peptide-bond-index	NH3	H2O	ISOTOPE	FLANK
114.09	114.09	1	1	1	0	0	0	0
57.55	115.10	2	1	1	0	0	0	0
147.08	147.08	1	4	1	0	0	0	0
74.04	148.08	2	4	1	0	0	0	0
185.13	185.13	1	1	2	0	0	0	0
93.07	186.14	2	1	2	0	0	0	0
276.12	276.12	1	4	2	0	0	0	0
138.56	277.13	2	4	2	0	0	0	0
316.17	316.17	1	1	3	0	0	0	0
158.59	317.18	2	1	3	0	0	0	0
363.15	363.15	1	4	3	0	0	0	0
182.08	364.16	2	4	3	0	0	0	0
387.21	387.21	1	1	4	0	0	0	0
194.11	388.21	2	1	4	0	0	0	0
434.19	434.19	1	4	4	0	0	0	0
217.60	435.20	2	4	4	0	0	0	0
474.24	474.24	1	1	5	0	0	0	0
237.62	475.25	2	1	5	0	0	0	0
565.23	565.23	1	4	5	0	0	0	0
283.12	566.24	2	4	5	0	0	0	0
603.28	603.28	1	1	6	0	0	0	0
302.14	604.29	2	1	6	0	0	0	0
636.27	636.27	1	4	6	0	0	0	0
318.64	637.27	2	4	6	0	0	0	0
